[2020-01-08 15:12:11][DEBUG][WARNING] : [Illegal offset type in isset or empty at file:/home/wwwroot/dujitang/vendor/easyswoole/http/src/Message/Status.php line:124]
[2020-01-08 15:12:11][DEBUG][WARNING] : [Swoole\Http\Response::status() expects parameter 1 to be integer, array given at file:/home/wwwroot/dujitang/vendor/easyswoole/http/src/Response.php line:43]
[2020-01-08 15:13:18][DEBUG][ERROR] : [syntax error, unexpected '=>' (T_DOUBLE_ARROW), expecting ',' or ')' at file:/home/wwwroot/dujitang/App/HttpController/Index.php line:21]
[2020-01-08 16:57:19][DEBUG][ERROR] : [Return value of EasySwoole\Template\Config::getRender() must be an instance of EasySwoole\Template\RenderInterface, null returned at file:/home/wwwroot/dujitang/vendor/easyswoole/template/src/Config.php line:21]
[2020-01-08 17:02:06][DEBUG][ERROR] : [Declaration of App\HttpController\R::onException(App\HttpController\Throwable $throwable): string must be compatible with EasySwoole\Template\RenderInterface::onException(Throwable $throwable): string at file:/home/wwwroot/dujitang/App/HttpController/R.php line:7]
[2020-01-08 17:53:17][DEBUG][ERROR] : [Class 'think\Db' not found at file:/home/wwwroot/dujitang/App/HttpController/Index.php line:48]
[2020-01-08 17:53:46][DEBUG][ERROR] : [Undefined db config:mysql at file:/home/wwwroot/dujitang/vendor/topthink/think-orm/src/DbManager.php line:278]
[2020-01-08 17:58:45][DEBUG][ERROR] : [Undefined db config:mysql at file:/home/wwwroot/dujitang/vendor/topthink/think-orm/src/DbManager.php line:278]
[2020-01-08 17:58:48][DEBUG][ERROR] : [Undefined db config:mysql at file:/home/wwwroot/dujitang/vendor/topthink/think-orm/src/DbManager.php line:278]
[2020-01-08 18:04:42][DEBUG][ERROR] : [Undefined db config:mysql at file:/home/wwwroot/dujitang/vendor/topthink/think-orm/src/DbManager.php line:278]
[2020-01-08 18:05:14][DEBUG][ERROR] : [Undefined db config:mysql at file:/home/wwwroot/dujitang/vendor/topthink/think-orm/src/DbManager.php line:278]
[2020-01-08 20:16:12][DEBUG][WARNING] : [PDO::prepare(): MySQL server has gone away at file:/home/wwwroot/dujitang/vendor/topthink/think-orm/src/db/PDOConnection.php line:695]
[2020-01-08 20:16:12][DEBUG][ERROR] : [SQLSTATE[HY000]: General error: 2006 MySQL server has gone away at file:/home/wwwroot/dujitang/vendor/topthink/think-orm/src/db/PDOConnection.php line:722]
[2020-01-09 09:08:17][DEBUG][NOTICE] : [PDO::prepare(): send of 54 bytes failed with errno=32 Broken pipe at file:/home/wwwroot/dujitang/vendor/topthink/think-orm/src/db/PDOConnection.php line:695]
[2020-01-09 09:08:17][DEBUG][WARNING] : [Error while sending STMT_PREPARE packet. PID=3908 at file:/home/wwwroot/dujitang/vendor/topthink/think-orm/src/db/PDOConnection.php line:695]
[2020-01-09 09:08:17][DEBUG][ERROR] : [SQLSTATE[HY000]: General error: 2006 MySQL server has gone away at file:/home/wwwroot/dujitang/vendor/topthink/think-orm/src/db/PDOConnection.php line:722]
[2020-01-09 09:08:53][DEBUG][ERROR] : [Uncaught Swoole\Exception: failed to listen server port[0.0.0.0:9501], Error: Address already in use[98] in /home/wwwroot/dujitang/vendor/easyswoole/easyswoole/src/ServerManager.php:57
Stack trace:
#0 /home/wwwroot/dujitang/vendor/easyswoole/easyswoole/src/ServerManager.php(57): Swoole\Server->__construct('0.0.0.0', 9501, 2, 1)
#1 /home/wwwroot/dujitang/vendor/easyswoole/easyswoole/src/Core.php(115): EasySwoole\EasySwoole\ServerManager->createSwooleServer(9501, 2, '0.0.0.0', Array, 2, 1)
#2 /home/wwwroot/dujitang/vendor/easyswoole/easyswoole/src/Command/DefaultCommand/Start.php(42): EasySwoole\EasySwoole\Core->createServer()
#3 /home/wwwroot/dujitang/vendor/easyswoole/easyswoole/src/Command/CommandContainer.php(46): EasySwoole\EasySwoole\Command\DefaultCommand\Start->exec(Array)
#4 /home/wwwroot/dujitang/vendor/easyswoole/easyswoole/src/Command/CommandRunner.php(50): EasySwoole\EasySwoole\Command\CommandContainer->hook('start', Array)
#5 /home/wwwroot/dujitang/easyswoole(24): EasySwoole\EasySwoole\Command\Com at file:/home/wwwroot/dujitang/vendor/easyswoole/easyswoole/src/ServerManager.php line:57]
[2020-01-09 09:50:40][DEBUG][ERROR] : [Too few arguments to function App\HttpController\Base::__construct(), 0 passed in /home/wwwroot/dujitang/vendor/easyswoole/http/src/Dispatcher.php on line 224 and exactly 3 expected at file:/home/wwwroot/dujitang/App/HttpController/Base.php line:48]
[2020-01-09 09:53:02][DEBUG][WARNING] : [Declaration of App\HttpController\Index::onRequest($action): ?bool should be compatible with EasySwoole\Http\AbstractInterface\Controller::onRequest(?string $action): ?bool at file:/home/wwwroot/dujitang/App/HttpController/Index.php line:8]
[2020-01-09 09:53:02][DEBUG][ERROR] : [Too few arguments to function App\HttpController\Index::__construct(), 0 passed in /home/wwwroot/dujitang/vendor/easyswoole/http/src/Dispatcher.php on line 224 and exactly 3 expected at file:/home/wwwroot/dujitang/App/HttpController/Index.php line:10]
[2020-01-09 09:55:08][DEBUG][WARNING] : [Declaration of App\HttpController\Index::onRequest($action): ?bool should be compatible with EasySwoole\Http\AbstractInterface\Controller::onRequest(?string $action): ?bool at file:/home/wwwroot/dujitang/App/HttpController/Index.php line:8]
[2020-01-09 09:55:08][DEBUG][ERROR] : [Too few arguments to function App\HttpController\Index::__construct(), 0 passed in /home/wwwroot/dujitang/vendor/easyswoole/http/src/Dispatcher.php on line 224 and exactly 3 expected at file:/home/wwwroot/dujitang/App/HttpController/Index.php line:10]
[2020-01-09 09:55:09][DEBUG][ERROR] : [Too few arguments to function App\HttpController\Index::__construct(), 0 passed in /home/wwwroot/dujitang/vendor/easyswoole/http/src/Dispatcher.php on line 224 and exactly 3 expected at file:/home/wwwroot/dujitang/App/HttpController/Index.php line:10]
[2020-01-09 09:55:09][DEBUG][ERROR] : [Too few arguments to function App\HttpController\Index::__construct(), 0 passed in /home/wwwroot/dujitang/vendor/easyswoole/http/src/Dispatcher.php on line 224 and exactly 3 expected at file:/home/wwwroot/dujitang/App/HttpController/Index.php line:10]
[2020-01-09 09:55:10][DEBUG][ERROR] : [Too few arguments to function App\HttpController\Index::__construct(), 0 passed in /home/wwwroot/dujitang/vendor/easyswoole/http/src/Dispatcher.php on line 224 and exactly 3 expected at file:/home/wwwroot/dujitang/App/HttpController/Index.php line:10]
[2020-01-09 09:55:10][DEBUG][ERROR] : [Too few arguments to function App\HttpController\Index::__construct(), 0 passed in /home/wwwroot/dujitang/vendor/easyswoole/http/src/Dispatcher.php on line 224 and exactly 3 expected at file:/home/wwwroot/dujitang/App/HttpController/Index.php line:10]
[2020-01-09 09:55:10][DEBUG][ERROR] : [Too few arguments to function App\HttpController\Index::__construct(), 0 passed in /home/wwwroot/dujitang/vendor/easyswoole/http/src/Dispatcher.php on line 224 and exactly 3 expected at file:/home/wwwroot/dujitang/App/HttpController/Index.php line:10]
[2020-01-09 09:55:10][DEBUG][ERROR] : [Too few arguments to function App\HttpController\Index::__construct(), 0 passed in /home/wwwroot/dujitang/vendor/easyswoole/http/src/Dispatcher.php on line 224 and exactly 3 expected at file:/home/wwwroot/dujitang/App/HttpController/Index.php line:10]
[2020-01-09 09:55:56][DEBUG][ERROR] : [Too few arguments to function App\HttpController\Index::__construct(), 0 passed in /home/wwwroot/dujitang/vendor/easyswoole/http/src/Dispatcher.php on line 224 and exactly 3 expected at file:/home/wwwroot/dujitang/App/HttpController/Index.php line:10]
[2020-01-09 09:55:59][DEBUG][ERROR] : [Too few arguments to function App\HttpController\Index::__construct(), 0 passed in /home/wwwroot/dujitang/vendor/easyswoole/http/src/Dispatcher.php on line 224 and exactly 3 expected at file:/home/wwwroot/dujitang/App/HttpController/Index.php line:10]
[2020-01-09 10:02:56][DEBUG][ERROR] : [Class 'App\HttpController\Base' not found at file:/home/wwwroot/dujitang/App/HttpController/Index.php line:9]
[2020-01-09 10:03:45][DEBUG][ERROR] : [Class 'App\HttpController\Smarty' not found at file:/home/wwwroot/dujitang/App/HttpController/Index.php line:13]
[2020-01-09 10:04:24][DEBUG][ERROR] : [Class 'App\HttpController\ServerManager' not found at file:/home/wwwroot/dujitang/App/HttpController/Index.php line:15]
[2020-01-09 10:05:59][DEBUG][ERROR] : [Class 'EasySwoole\ServerManager' not found at file:/home/wwwroot/dujitang/App/HttpController/Index.php line:16]
[2020-01-09 10:06:22][DEBUG][WARNING] : [Swoole\Server::addProcess(): server is running, can't add process at file:/home/wwwroot/dujitang/vendor/easyswoole/template/src/Render.php line:33]
[2020-01-09 10:06:22][DEBUG][WARNING] : [Swoole\Server::addProcess(): server is running, can't add process at file:/home/wwwroot/dujitang/vendor/easyswoole/template/src/Render.php line:33]
[2020-01-09 10:06:22][DEBUG][WARNING] : [Swoole\Server::addProcess(): server is running, can't add process at file:/home/wwwroot/dujitang/vendor/easyswoole/template/src/Render.php line:33]
[2020-01-09 10:07:38][DEBUG][WARNING] : [Swoole\Server::addProcess(): server is running, can't add process at file:/home/wwwroot/dujitang/vendor/easyswoole/template/src/Render.php line:33]
[2020-01-09 10:07:38][DEBUG][WARNING] : [Swoole\Server::addProcess(): server is running, can't add process at file:/home/wwwroot/dujitang/vendor/easyswoole/template/src/Render.php line:33]
[2020-01-09 10:07:38][DEBUG][WARNING] : [Swoole\Server::addProcess(): server is running, can't add process at file:/home/wwwroot/dujitang/vendor/easyswoole/template/src/Render.php line:33]
[2020-01-09 10:09:16][DEBUG][WARNING] : [Swoole\Server::addProcess(): server is running, can't add process at file:/home/wwwroot/dujitang/vendor/easyswoole/template/src/Render.php line:33]
[2020-01-09 10:09:16][DEBUG][WARNING] : [Swoole\Server::addProcess(): server is running, can't add process at file:/home/wwwroot/dujitang/vendor/easyswoole/template/src/Render.php line:33]
[2020-01-09 10:09:16][DEBUG][WARNING] : [Swoole\Server::addProcess(): server is running, can't add process at file:/home/wwwroot/dujitang/vendor/easyswoole/template/src/Render.php line:33]
[2020-01-09 10:09:48][DEBUG][WARNING] : [Swoole\Server::addProcess(): server is running, can't add process at file:/home/wwwroot/dujitang/vendor/easyswoole/template/src/Render.php line:33]
[2020-01-09 10:09:48][DEBUG][WARNING] : [Swoole\Server::addProcess(): server is running, can't add process at file:/home/wwwroot/dujitang/vendor/easyswoole/template/src/Render.php line:33]
[2020-01-09 10:09:48][DEBUG][WARNING] : [Swoole\Server::addProcess(): server is running, can't add process at file:/home/wwwroot/dujitang/vendor/easyswoole/template/src/Render.php line:33]
[2020-01-09 10:19:46][DEBUG][WARNING] : [Swoole\Server::addProcess(): server is running, can't add process at file:/home/wwwroot/dujitang/vendor/easyswoole/template/src/Render.php line:33]
[2020-01-09 10:19:46][DEBUG][WARNING] : [Swoole\Server::addProcess(): server is running, can't add process at file:/home/wwwroot/dujitang/vendor/easyswoole/template/src/Render.php line:33]
[2020-01-09 10:19:46][DEBUG][WARNING] : [Swoole\Server::addProcess(): server is running, can't add process at file:/home/wwwroot/dujitang/vendor/easyswoole/template/src/Render.php line:33]
[2020-01-09 10:25:20][DEBUG][WARNING] : [Swoole\Server::addProcess(): server is running, can't add process at file:/home/wwwroot/dujitang/vendor/easyswoole/template/src/Render.php line:33]
[2020-01-09 10:25:20][DEBUG][WARNING] : [Swoole\Server::addProcess(): server is running, can't add process at file:/home/wwwroot/dujitang/vendor/easyswoole/template/src/Render.php line:33]
[2020-01-09 10:25:20][DEBUG][WARNING] : [Swoole\Server::addProcess(): server is running, can't add process at file:/home/wwwroot/dujitang/vendor/easyswoole/template/src/Render.php line:33]
[2020-01-09 10:44:10][DEBUG][WARNING] : [Swoole\Server::addProcess(): server is running, can't add process at file:/home/wwwroot/dujitang/vendor/easyswoole/template/src/Render.php line:33]
[2020-01-09 10:44:10][DEBUG][WARNING] : [Swoole\Server::addProcess(): server is running, can't add process at file:/home/wwwroot/dujitang/vendor/easyswoole/template/src/Render.php line:33]
[2020-01-09 10:44:10][DEBUG][WARNING] : [Swoole\Server::addProcess(): server is running, can't add process at file:/home/wwwroot/dujitang/vendor/easyswoole/template/src/Render.php line:33]
[2020-01-09 10:44:14][DEBUG][WARNING] : [Swoole\Server::addProcess(): server is running, can't add process at file:/home/wwwroot/dujitang/vendor/easyswoole/template/src/Render.php line:33]
[2020-01-09 10:44:14][DEBUG][WARNING] : [Swoole\Server::addProcess(): server is running, can't add process at file:/home/wwwroot/dujitang/vendor/easyswoole/template/src/Render.php line:33]
[2020-01-09 10:44:14][DEBUG][WARNING] : [Swoole\Server::addProcess(): server is running, can't add process at file:/home/wwwroot/dujitang/vendor/easyswoole/template/src/Render.php line:33]
[2020-01-09 10:45:36][DEBUG][WARNING] : [Swoole\Server::addProcess(): server is running, can't add process at file:/home/wwwroot/dujitang/vendor/easyswoole/template/src/Render.php line:33]
[2020-01-09 10:45:36][DEBUG][WARNING] : [Swoole\Server::addProcess(): server is running, can't add process at file:/home/wwwroot/dujitang/vendor/easyswoole/template/src/Render.php line:33]
[2020-01-09 10:45:36][DEBUG][WARNING] : [Swoole\Server::addProcess(): server is running, can't add process at file:/home/wwwroot/dujitang/vendor/easyswoole/template/src/Render.php line:33]
[2020-01-09 10:45:36][DEBUG][ERROR] : [Argument 1 passed to EasySwoole\Http\Response::write() must be of the type string, null given, called in /home/wwwroot/dujitang/App/HttpController/Index.php on line 62 at file:/home/wwwroot/dujitang/vendor/easyswoole/http/src/Response.php line:76]
[2020-01-09 10:48:31][DEBUG][ERROR] : [syntax error, unexpected '$this' (T_VARIABLE) at file:/home/wwwroot/dujitang/App/HttpController/Index.php line:64]
[2020-01-09 10:48:45][DEBUG][WARNING] : [file_get_contents(/home/wwwroot/dujitang/App/HttpControllera.html): failed to open stream: No such file or directory at file:/home/wwwroot/dujitang/App/HttpController/Index.php line:63]
[2020-01-09 10:48:48][DEBUG][WARNING] : [file_get_contents(/home/wwwroot/dujitang/App/HttpControllera.html): failed to open stream: No such file or directory at file:/home/wwwroot/dujitang/App/HttpController/Index.php line:63]
[2020-01-09 10:51:07][DEBUG][NOTICE] : [Use of undefined constant Root - assumed 'Root' at file:/home/wwwroot/dujitang/App/HttpController/Index.php line:32]
[2020-01-09 10:51:30][DEBUG][NOTICE] : [Use of undefined constant ROOT - assumed 'ROOT' at file:/home/wwwroot/dujitang/App/HttpController/Index.php line:32]
[2020-01-10 11:18:09][DEBUG][NOTICE] : [Use of undefined constant ROOT - assumed 'ROOT' at file:/home/wwwroot/dujitang/EasySwooleEvent.php line:24]
[2020-01-10 11:18:09][DEBUG][NOTICE] : [Use of undefined constant ROOT - assumed 'ROOT' at file:/home/wwwroot/dujitang/EasySwooleEvent.php line:24]
[2020-01-10 13:11:48][DEBUG][NOTICE] : [Undefined variable: date at file:/home/wwwroot/dujitang/App/HttpController/Index.php line:65]
[2020-01-10 13:13:25][DEBUG][ERROR] : [Argument 1 passed to EasySwoole\Http\Response::write() must be of the type string, array given, called in /home/wwwroot/dujitang/App/HttpController/Index.php on line 66 at file:/home/wwwroot/dujitang/vendor/easyswoole/http/src/Response.php line:76]
[2020-01-10 13:16:59][DEBUG][ERROR] : [method not exist:think\db\Query->rand at file:/home/wwwroot/dujitang/vendor/topthink/think-orm/src/db/BaseQuery.php line:117]
[2020-01-10 13:30:23][DEBUG][WARNING] : [PDO::prepare(): MySQL server has gone away at file:/home/wwwroot/dujitang/vendor/topthink/think-orm/src/db/PDOConnection.php line:695]
[2020-01-10 13:30:23][DEBUG][ERROR] : [SQLSTATE[HY000]: General error: 2006 MySQL server has gone away at file:/home/wwwroot/dujitang/vendor/topthink/think-orm/src/db/PDOConnection.php line:722]
[2020-01-10 13:50:33][DEBUG][ERROR] : [SQLSTATE[42S02]: Base table or view not found: 1146 Table 'xm_activity.xm_xm_soul' doesn't exist at file:/home/wwwroot/dujitang/vendor/topthink/think-orm/src/db/PDOConnection.php line:722]
[2020-01-11 02:01:27][DEBUG][NOTICE] : [PDO::prepare(): send of 32 bytes failed with errno=32 Broken pipe at file:/home/wwwroot/dujitang/vendor/topthink/think-orm/src/db/PDOConnection.php line:695]
[2020-01-11 02:01:27][DEBUG][WARNING] : [Error while sending STMT_PREPARE packet. PID=9652 at file:/home/wwwroot/dujitang/vendor/topthink/think-orm/src/db/PDOConnection.php line:695]
[2020-01-11 02:01:27][DEBUG][ERROR] : [SQLSTATE[HY000]: General error: 2006 MySQL server has gone away at file:/home/wwwroot/dujitang/vendor/topthink/think-orm/src/db/PDOConnection.php line:722]
[2020-01-11 03:47:52][DEBUG][ERROR] : [SQLSTATE[HY000]: General error: 2006 MySQL server has gone away at file:/home/wwwroot/dujitang/vendor/topthink/think-orm/src/db/PDOConnection.php line:722]
[2020-01-11 07:51:57][DEBUG][ERROR] : [SQLSTATE[HY000]: General error: 2006 MySQL server has gone away at file:/home/wwwroot/dujitang/vendor/topthink/think-orm/src/db/PDOConnection.php line:722]
[2020-01-11 18:51:15][DEBUG][ERROR] : [SQLSTATE[HY000]: General error: 2006 MySQL server has gone away at file:/home/wwwroot/dujitang/vendor/topthink/think-orm/src/db/PDOConnection.php line:722]
[2020-01-11 18:51:15][DEBUG][ERROR] : [SQLSTATE[HY000]: General error: 2006 MySQL server has gone away at file:/home/wwwroot/dujitang/vendor/topthink/think-orm/src/db/PDOConnection.php line:722]
[2020-01-11 18:51:15][DEBUG][ERROR] : [SQLSTATE[HY000]: General error: 2006 MySQL server has gone away at file:/home/wwwroot/dujitang/vendor/topthink/think-orm/src/db/PDOConnection.php line:722]
[2020-01-11 20:25:58][DEBUG][ERROR] : [SQLSTATE[HY000]: General error: 2006 MySQL server has gone away at file:/home/wwwroot/dujitang/vendor/topthink/think-orm/src/db/PDOConnection.php line:722]
[2020-01-11 21:26:01][DEBUG][ERROR] : [SQLSTATE[HY000]: General error: 2006 MySQL server has gone away at file:/home/wwwroot/dujitang/vendor/topthink/think-orm/src/db/PDOConnection.php line:722]
[2020-01-12 03:27:24][DEBUG][ERROR] : [SQLSTATE[HY000]: General error: 2006 MySQL server has gone away at file:/home/wwwroot/dujitang/vendor/topthink/think-orm/src/db/PDOConnection.php line:722]
[2020-01-12 05:54:29][DEBUG][ERROR] : [SQLSTATE[HY000]: General error: 2006 MySQL server has gone away at file:/home/wwwroot/dujitang/vendor/topthink/think-orm/src/db/PDOConnection.php line:722]
[2020-01-12 12:18:18][DEBUG][ERROR] : [SQLSTATE[HY000]: General error: 2006 MySQL server has gone away at file:/home/wwwroot/dujitang/vendor/topthink/think-orm/src/db/PDOConnection.php line:722]
[2020-01-12 13:46:12][DEBUG][ERROR] : [SQLSTATE[HY000]: General error: 2006 MySQL server has gone away at file:/home/wwwroot/dujitang/vendor/topthink/think-orm/src/db/PDOConnection.php line:722]
[2020-01-12 14:17:51][DEBUG][ERROR] : [SQLSTATE[HY000]: General error: 2006 MySQL server has gone away at file:/home/wwwroot/dujitang/vendor/topthink/think-orm/src/db/PDOConnection.php line:722]
[2020-01-12 14:22:11][DEBUG][ERROR] : [SQLSTATE[HY000]: General error: 2006 MySQL server has gone away at file:/home/wwwroot/dujitang/vendor/topthink/think-orm/src/db/PDOConnection.php line:722]
[2020-01-12 14:22:31][DEBUG][ERROR] : [SQLSTATE[HY000]: General error: 2006 MySQL server has gone away at file:/home/wwwroot/dujitang/vendor/topthink/think-orm/src/db/PDOConnection.php line:722]
[2020-01-12 14:22:33][DEBUG][ERROR] : [SQLSTATE[HY000]: General error: 2006 MySQL server has gone away at file:/home/wwwroot/dujitang/vendor/topthink/think-orm/src/db/PDOConnection.php line:722]
[2020-01-12 14:23:59][DEBUG][ERROR] : [SQLSTATE[HY000]: General error: 2006 MySQL server has gone away at file:/home/wwwroot/dujitang/vendor/topthink/think-orm/src/db/PDOConnection.php line:722]
[2020-01-12 14:25:33][DEBUG][ERROR] : [Cannot declare class App\HttpController\Index, because the name is already in use at file:/home/wwwroot/dujitang/App/HttpController/Test.php line:71]
[2020-01-12 14:26:07][DEBUG][NOTICE] : [Use of undefined constant ROOT - assumed 'ROOT' at file:/home/wwwroot/dujitang/EasySwooleEvent.php line:24]
[2020-01-12 14:26:07][DEBUG][NOTICE] : [Use of undefined constant ROOT - assumed 'ROOT' at file:/home/wwwroot/dujitang/EasySwooleEvent.php line:24]
[2020-01-12 16:08:14][DEBUG][NOTICE] : [Use of undefined constant ROOT - assumed 'ROOT' at file:/home/wwwroot/dujitang/EasySwooleEvent.php line:24]
[2020-01-12 16:08:45][DEBUG][ERROR] : [Class App\HttpController\Base contains 1 abstract method and must therefore be declared abstract or implement the remaining methods (EasySwoole\Http\AbstractInterface\Controller::index) at file:/home/wwwroot/dujitang/App/HttpController/Base.php line:8]
[2020-01-12 16:12:31][DEBUG][WARNING] : [file_get_contents(./App/View/Index/b.htmla.html): failed to open stream: No such file or directory at file:/home/wwwroot/dujitang/App/HttpController/Index.php line:43]
[2020-01-12 16:12:31][DEBUG][NOTICE] : [Undefined variable: file at file:/home/wwwroot/dujitang/App/HttpController/Index.php line:37]
[2020-01-12 16:12:31][DEBUG][ERROR] : [Argument 1 passed to EasySwoole\Http\Response::write() must be of the type string, null given, called in /home/wwwroot/dujitang/App/HttpController/Index.php on line 37 at file:/home/wwwroot/dujitang/vendor/easyswoole/http/src/Response.php line:76]
[2020-01-12 16:13:04][DEBUG][WARNING] : [file_get_contents(./App/View/Index/b.htmla.html): failed to open stream: No such file or directory at file:/home/wwwroot/dujitang/App/HttpController/Index.php line:43]
[2020-01-12 16:13:13][DEBUG][WARNING] : [file_get_contents(./App/View/Index/b.htmla.html): failed to open stream: No such file or directory at file:/home/wwwroot/dujitang/App/HttpController/Index.php line:43]
[2020-01-12 16:56:20][DEBUG][ERROR] : [SQLSTATE[42S02]: Base table or view not found: 1146 Table 'xm_activity.xm_user' doesn't exist at file:/home/wwwroot/dujitang/vendor/topthink/think-orm/src/db/PDOConnection.php line:722]
[2020-01-12 16:56:46][DEBUG][ERROR] : [SQLSTATE[42S02]: Base table or view not found: 1146 Table 'xm_activity.xm_xm_soul' doesn't exist at file:/home/wwwroot/dujitang/vendor/topthink/think-orm/src/db/PDOConnection.php line:722]
[2020-01-12 16:57:21][DEBUG][ERROR] : [SQLSTATE[42S02]: Base table or view not found: 1146 Table 'xm_activity.xm_xm_soul' doesn't exist at file:/home/wwwroot/dujitang/vendor/topthink/think-orm/src/db/PDOConnection.php line:722]
[2020-01-12 19:16:51][DEBUG][ERROR] : [Cannot declare class App\HttpController\Index, because the name is already in use at file:/home/wwwroot/dujitang/App/HttpController/Test.php line:89]
[2020-01-12 19:16:52][DEBUG][ERROR] : [Cannot declare class App\HttpController\Index, because the name is already in use at file:/home/wwwroot/dujitang/App/HttpController/Test.php line:89]
[2020-01-12 19:16:52][DEBUG][ERROR] : [Cannot declare class App\HttpController\Index, because the name is already in use at file:/home/wwwroot/dujitang/App/HttpController/Test.php line:89]
[2020-01-12 19:16:57][DEBUG][ERROR] : [Cannot declare class App\HttpController\Index, because the name is already in use at file:/home/wwwroot/dujitang/App/HttpController/Test.php line:89]
[2020-01-13 20:21:10][DEBUG][WARNING] : [PDO::prepare(): MySQL server has gone away at file:/home/wwwroot/dujitang/vendor/topthink/think-orm/src/db/PDOConnection.php line:695]
[2020-01-13 20:21:10][DEBUG][ERROR] : [SQLSTATE[HY000]: General error: 2006 MySQL server has gone away at file:/home/wwwroot/dujitang/vendor/topthink/think-orm/src/db/PDOConnection.php line:722]
[2020-01-13 20:21:13][DEBUG][ERROR] : [SQLSTATE[HY000]: General error: 2006 MySQL server has gone away at file:/home/wwwroot/dujitang/vendor/topthink/think-orm/src/db/PDOConnection.php line:722]
[2020-01-13 20:21:19][DEBUG][ERROR] : [SQLSTATE[HY000]: General error: 2006 MySQL server has gone away at file:/home/wwwroot/dujitang/vendor/topthink/think-orm/src/db/PDOConnection.php line:722]
[2020-01-13 20:22:14][DEBUG][ERROR] : [Uncaught Swoole\Exception: failed to listen server port[0.0.0.0:9501], Error: Address already in use[98] in /home/wwwroot/dujitang/vendor/easyswoole/easyswoole/src/ServerManager.php:57
Stack trace:
#0 /home/wwwroot/dujitang/vendor/easyswoole/easyswoole/src/ServerManager.php(57): Swoole\Server->__construct('0.0.0.0', 9501, 2, 1)
#1 /home/wwwroot/dujitang/vendor/easyswoole/easyswoole/src/Core.php(115): EasySwoole\EasySwoole\ServerManager->createSwooleServer(9501, 2, '0.0.0.0', Array, 2, 1)
#2 /home/wwwroot/dujitang/vendor/easyswoole/easyswoole/src/Command/DefaultCommand/Start.php(42): EasySwoole\EasySwoole\Core->createServer()
#3 /home/wwwroot/dujitang/vendor/easyswoole/easyswoole/src/Command/CommandContainer.php(46): EasySwoole\EasySwoole\Command\DefaultCommand\Start->exec(Array)
#4 /home/wwwroot/dujitang/vendor/easyswoole/easyswoole/src/Command/CommandRunner.php(50): EasySwoole\EasySwoole\Command\CommandContainer->hook('start', Array)
#5 /home/wwwroot/dujitang/easyswoole(24): EasySwoole\EasySwoole\Command\Com at file:/home/wwwroot/dujitang/vendor/easyswoole/easyswoole/src/ServerManager.php line:57]
[2020-01-13 20:22:50][DEBUG][WARNING] : [file_get_contents(./App/View/Index/a.html): failed to open stream: No such file or directory at file:/home/wwwroot/dujitang/App/HttpController/Index.php line:18]
[2020-01-13 20:22:54][DEBUG][WARNING] : [file_get_contents(./App/View/Index/a.html): failed to open stream: No such file or directory at file:/home/wwwroot/dujitang/App/HttpController/Index.php line:18]
[2020-01-13 20:23:02][DEBUG][ERROR] : [Uncaught Swoole\Exception: failed to listen server port[0.0.0.0:9501], Error: Address already in use[98] in /home/wwwroot/dujitang/vendor/easyswoole/easyswoole/src/ServerManager.php:57
Stack trace:
#0 /home/wwwroot/dujitang/vendor/easyswoole/easyswoole/src/ServerManager.php(57): Swoole\Server->__construct('0.0.0.0', 9501, 2, 1)
#1 /home/wwwroot/dujitang/vendor/easyswoole/easyswoole/src/Core.php(115): EasySwoole\EasySwoole\ServerManager->createSwooleServer(9501, 2, '0.0.0.0', Array, 2, 1)
#2 /home/wwwroot/dujitang/vendor/easyswoole/easyswoole/src/Command/DefaultCommand/Start.php(42): EasySwoole\EasySwoole\Core->createServer()
#3 /home/wwwroot/dujitang/vendor/easyswoole/easyswoole/src/Command/CommandContainer.php(46): EasySwoole\EasySwoole\Command\DefaultCommand\Start->exec(Array)
#4 /home/wwwroot/dujitang/vendor/easyswoole/easyswoole/src/Command/CommandRunner.php(50): EasySwoole\EasySwoole\Command\CommandContainer->hook('start', Array)
#5 /home/wwwroot/dujitang/easyswoole(24): EasySwoole\EasySwoole\Command\Com at file:/home/wwwroot/dujitang/vendor/easyswoole/easyswoole/src/ServerManager.php line:57]
[2020-01-13 20:23:11][DEBUG][WARNING] : [file_get_contents(./App/View/Index/a.html): failed to open stream: No such file or directory at file:/home/wwwroot/dujitang/App/HttpController/Index.php line:18]
[2020-01-13 20:23:12][DEBUG][WARNING] : [file_get_contents(./App/View/Index/a.html): failed to open stream: No such file or directory at file:/home/wwwroot/dujitang/App/HttpController/Index.php line:18]
[2020-01-13 20:23:57][DEBUG][WARNING] : [file_get_contents(./App/View/Index/a.html): failed to open stream: No such file or directory at file:/home/wwwroot/dujitang/App/HttpController/Index.php line:18]
[2020-01-13 20:23:58][DEBUG][WARNING] : [file_get_contents(./App/View/Index/a.html): failed to open stream: No such file or directory at file:/home/wwwroot/dujitang/App/HttpController/Index.php line:18]
[2020-01-13 20:23:59][DEBUG][WARNING] : [file_get_contents(./App/View/Index/a.html): failed to open stream: No such file or directory at file:/home/wwwroot/dujitang/App/HttpController/Index.php line:18]
[2020-01-13 20:24:51][DEBUG][WARNING] : [file_get_contents(./App/View/Index/a.html): failed to open stream: No such file or directory at file:/home/wwwroot/dujitang/App/HttpController/Index.php line:18]
[2020-01-13 20:24:52][DEBUG][WARNING] : [file_get_contents(./App/View/Index/a.html): failed to open stream: No such file or directory at file:/home/wwwroot/dujitang/App/HttpController/Index.php line:18]
[2020-01-13 20:24:52][DEBUG][WARNING] : [file_get_contents(./App/View/Index/a.html): failed to open stream: No such file or directory at file:/home/wwwroot/dujitang/App/HttpController/Index.php line:18]
[2020-01-13 20:24:53][DEBUG][WARNING] : [file_get_contents(./App/View/Index/a.html): failed to open stream: No such file or directory at file:/home/wwwroot/dujitang/App/HttpController/Index.php line:18]
[2020-01-13 20:26:22][DEBUG][WARNING] : [file_get_contents(./App/View/Index/a.html): failed to open stream: No such file or directory at file:/home/wwwroot/dujitang/App/HttpController/Index.php line:18]
[2020-01-13 20:29:21][DEBUG][NOTICE] : [Use of undefined constant ROOT - assumed 'ROOT' at file:/home/wwwroot/dujitang/EasySwooleEvent.php line:24]
[2020-01-14 09:52:31][DEBUG][NOTICE] : [PDO::prepare(): send of 32 bytes failed with errno=32 Broken pipe at file:/home/wwwroot/dujitang/vendor/topthink/think-orm/src/db/PDOConnection.php line:695]
[2020-01-14 09:52:31][DEBUG][WARNING] : [Error while sending STMT_PREPARE packet. PID=16121 at file:/home/wwwroot/dujitang/vendor/topthink/think-orm/src/db/PDOConnection.php line:695]
[2020-01-14 09:52:31][DEBUG][ERROR] : [SQLSTATE[HY000]: General error: 2006 MySQL server has gone away at file:/home/wwwroot/dujitang/vendor/topthink/think-orm/src/db/PDOConnection.php line:722]
[2020-01-14 09:52:32][DEBUG][ERROR] : [SQLSTATE[HY000]: General error: 2006 MySQL server has gone away at file:/home/wwwroot/dujitang/vendor/topthink/think-orm/src/db/PDOConnection.php line:722]
[2020-01-14 15:08:19][DEBUG][ERROR] : [Uncaught Swoole\Exception: failed to listen server port[0.0.0.0:9501], Error: Address already in use[98] in /home/wwwroot/dujitang/vendor/easyswoole/easyswoole/src/ServerManager.php:57
Stack trace:
#0 /home/wwwroot/dujitang/vendor/easyswoole/easyswoole/src/ServerManager.php(57): Swoole\Server->__construct('0.0.0.0', 9501, 2, 1)
#1 /home/wwwroot/dujitang/vendor/easyswoole/easyswoole/src/Core.php(115): EasySwoole\EasySwoole\ServerManager->createSwooleServer(9501, 2, '0.0.0.0', Array, 2, 1)
#2 /home/wwwroot/dujitang/vendor/easyswoole/easyswoole/src/Command/DefaultCommand/Start.php(42): EasySwoole\EasySwoole\Core->createServer()
#3 /home/wwwroot/dujitang/vendor/easyswoole/easyswoole/src/Command/CommandContainer.php(46): EasySwoole\EasySwoole\Command\DefaultCommand\Start->exec(Array)
#4 /home/wwwroot/dujitang/vendor/easyswoole/easyswoole/src/Command/CommandRunner.php(50): EasySwoole\EasySwoole\Command\CommandContainer->hook('start', Array)
#5 /home/wwwroot/dujitang/easyswoole(24): EasySwoole\EasySwoole\Command\Com at file:/home/wwwroot/dujitang/vendor/easyswoole/easyswoole/src/ServerManager.php line:57]
[2020-01-14 15:08:31][DEBUG][NOTICE] : [Use of undefined constant ROOT - assumed 'ROOT' at file:/home/wwwroot/dujitang/EasySwooleEvent.php line:24]
[2020-01-14 15:08:31][DEBUG][NOTICE] : [Use of undefined constant ROOT - assumed 'ROOT' at file:/home/wwwroot/dujitang/EasySwooleEvent.php line:24]
[2020-01-14 15:21:02][DEBUG][ERROR] : [Swoole\Server::start(): failed to start server. Error: swServer_start_check: onTask event callback must be set at file:/home/wwwroot/dujitang/vendor/easyswoole/easyswoole/src/ServerManager.php line:140]
[2020-01-14 15:22:15][DEBUG][ERROR] : [Swoole\Server::start(): failed to start server. Error: swServer_start_check: onTask event callback must be set at file:/home/wwwroot/dujitang/vendor/easyswoole/easyswoole/src/ServerManager.php line:140]
[2020-01-14 15:43:18][DEBUG][ERROR] : [Swoole\Server::start(): failed to start server. Error: swServer_start_check: onTask event callback must be set at file:/home/wwwroot/dujitang/vendor/easyswoole/easyswoole/src/ServerManager.php line:140]
[2020-01-14 15:49:23][DEBUG][ERROR] : [Swoole\Server::start(): failed to start server. Error: swServer_start_check: onTask event callback must be set at file:/home/wwwroot/dujitang/vendor/easyswoole/easyswoole/src/ServerManager.php line:140]
[2020-01-14 15:49:33][DEBUG][ERROR] : [Swoole\Server::start(): failed to start server. Error: swServer_start_check: onTask event callback must be set at file:/home/wwwroot/dujitang/vendor/easyswoole/easyswoole/src/ServerManager.php line:140]
[2020-01-14 15:55:43][DEBUG][ERROR] : [Swoole\Server::start(): failed to start server. Error: swServer_start_check: onTask event callback must be set at file:/home/wwwroot/dujitang/vendor/easyswoole/easyswoole/src/ServerManager.php line:140]
[2020-01-14 16:00:15][DEBUG][ERROR] : [Swoole\Server::start(): failed to start server. Error: swServer_start_check: onTask event callback must be set at file:/home/wwwroot/dujitang/vendor/easyswoole/easyswoole/src/ServerManager.php line:140]
[2020-01-14 16:06:30][DEBUG][ERROR] : [Swoole\Server::start(): failed to start server. Error: swServer_start_check: onTask event callback must be set at file:/home/wwwroot/dujitang/vendor/easyswoole/easyswoole/src/ServerManager.php line:140]
[2020-01-14 16:25:06][DEBUG][ERROR] : [Table not have primary key, so can't use Model::get($pk) at file:/home/wwwroot/dujitang/vendor/easyswoole/orm/src/Utility/PreProcess.php line:21]
[2020-01-14 16:32:55][DEBUG][ERROR] : [Class 'App\HttpController\DbManager' not found at file:/home/wwwroot/dujitang/App/HttpController/Index.php line:24]
[2020-01-14 16:41:53][DEBUG][NOTICE] : [Use of undefined constant ROOT - assumed 'ROOT' at file:/home/wwwroot/dujitang/App/HttpController/Index.php line:17]
[2020-01-14 16:41:53][DEBUG][WARNING] : [file_get_contents(ROOT/App/View/Index/a.html): failed to open stream: No such file or directory at file:/home/wwwroot/dujitang/App/HttpController/Index.php line:18]
[2020-01-14 16:47:50][DEBUG][NOTICE] : [Array to string conversion at file:/home/wwwroot/dujitang/vendor/easyswoole/orm/src/Utility/PreProcess.php line:77]
[2020-01-14 16:47:52][DEBUG][NOTICE] : [Array to string conversion at file:/home/wwwroot/dujitang/vendor/easyswoole/orm/src/Utility/PreProcess.php line:77]
[2020-01-14 16:48:05][DEBUG][NOTICE] : [Array to string conversion at file:/home/wwwroot/dujitang/vendor/easyswoole/orm/src/Utility/PreProcess.php line:77]
[2020-01-14 16:52:33][DEBUG][ERROR] : [update error,pkValue is require at file:/home/wwwroot/dujitang/vendor/easyswoole/orm/src/AbstractModel.php line:773]
[2020-01-14 16:52:35][DEBUG][ERROR] : [update error,pkValue is require at file:/home/wwwroot/dujitang/vendor/easyswoole/orm/src/AbstractModel.php line:773]
[2020-01-14 16:52:40][DEBUG][ERROR] : [update error,pkValue is require at file:/home/wwwroot/dujitang/vendor/easyswoole/orm/src/AbstractModel.php line:773]
[2020-01-14 16:53:58][DEBUG][ERROR] : [Class 'App\HttpController\UserModel' not found at file:/home/wwwroot/dujitang/App/HttpController/Index.php line:31]
[2020-01-15 04:07:22][DEBUG][ERROR] : [Cannot declare class App\HttpController\Index, because the name is already in use at file:/home/wwwroot/dujitang/App/HttpController/Test.php line:89]
[2020-01-15 04:07:22][DEBUG][ERROR] : [Cannot declare class App\HttpController\Index, because the name is already in use at file:/home/wwwroot/dujitang/App/HttpController/Test.php line:89]
[2020-01-15 04:07:22][DEBUG][ERROR] : [Cannot declare class App\HttpController\Index, because the name is already in use at file:/home/wwwroot/dujitang/App/HttpController/Test.php line:89]
[2020-01-15 04:07:29][DEBUG][ERROR] : [Cannot declare class App\HttpController\Index, because the name is already in use at file:/home/wwwroot/dujitang/App/HttpController/Test.php line:89]
[2020-01-15 16:57:08][DEBUG][NOTICE] : [Use of undefined constant ROOT - assumed 'ROOT' at file:/home/wwwroot/dujitang/EasySwooleEvent.php line:26]
[2020-01-15 16:57:08][DEBUG][NOTICE] : [Use of undefined constant ROOT - assumed 'ROOT' at file:/home/wwwroot/dujitang/EasySwooleEvent.php line:26]
[2020-01-15 16:57:08][DEBUG][NOTICE] : [Use of undefined constant ROOT - assumed 'ROOT' at file:/home/wwwroot/dujitang/EasySwooleEvent.php line:26]
[2020-01-15 16:57:08][DEBUG][NOTICE] : [Use of undefined constant ROOT - assumed 'ROOT' at file:/home/wwwroot/dujitang/EasySwooleEvent.php line:26]
[2020-01-15 16:57:08][DEBUG][NOTICE] : [Use of undefined constant ROOT - assumed 'ROOT' at file:/home/wwwroot/dujitang/EasySwooleEvent.php line:26]
[2020-01-15 16:57:08][DEBUG][NOTICE] : [Use of undefined constant ROOT - assumed 'ROOT' at file:/home/wwwroot/dujitang/EasySwooleEvent.php line:26]
[2020-01-15 17:51:00][DEBUG][NOTICE] : [Use of undefined constant ROOT - assumed 'ROOT' at file:/home/wwwroot/dujitang/EasySwooleEvent.php line:26]
[2020-01-15 17:51:00][DEBUG][NOTICE] : [Use of undefined constant ROOT - assumed 'ROOT' at file:/home/wwwroot/dujitang/EasySwooleEvent.php line:26]
[2020-01-15 17:51:00][DEBUG][NOTICE] : [Use of undefined constant ROOT - assumed 'ROOT' at file:/home/wwwroot/dujitang/EasySwooleEvent.php line:26]
[2020-01-15 17:51:00][DEBUG][NOTICE] : [Use of undefined constant ROOT - assumed 'ROOT' at file:/home/wwwroot/dujitang/EasySwooleEvent.php line:26]
[2020-01-15 17:51:00][DEBUG][NOTICE] : [Use of undefined constant ROOT - assumed 'ROOT' at file:/home/wwwroot/dujitang/EasySwooleEvent.php line:26]
[2020-01-15 17:51:00][DEBUG][NOTICE] : [Use of undefined constant ROOT - assumed 'ROOT' at file:/home/wwwroot/dujitang/EasySwooleEvent.php line:26]
[2020-01-15 18:02:34][DEBUG][NOTICE] : [Use of undefined constant ROOT - assumed 'ROOT' at file:/home/wwwroot/dujitang/EasySwooleEvent.php line:26]
[2020-01-15 18:02:41][DEBUG][NOTICE] : [Use of undefined constant ROOT - assumed 'ROOT' at file:/home/wwwroot/dujitang/EasySwooleEvent.php line:26]
[2020-01-15 18:02:41][DEBUG][NOTICE] : [Use of undefined constant ROOT - assumed 'ROOT' at file:/home/wwwroot/dujitang/EasySwooleEvent.php line:26]
[2020-01-15 18:02:41][DEBUG][NOTICE] : [Use of undefined constant ROOT - assumed 'ROOT' at file:/home/wwwroot/dujitang/EasySwooleEvent.php line:26]
[2020-01-15 18:02:41][DEBUG][NOTICE] : [Use of undefined constant ROOT - assumed 'ROOT' at file:/home/wwwroot/dujitang/EasySwooleEvent.php line:26]
[2020-01-15 18:02:41][DEBUG][NOTICE] : [Use of undefined constant ROOT - assumed 'ROOT' at file:/home/wwwroot/dujitang/EasySwooleEvent.php line:26]
[2020-01-15 18:02:41][DEBUG][NOTICE] : [Use of undefined constant ROOT - assumed 'ROOT' at file:/home/wwwroot/dujitang/EasySwooleEvent.php line:26]
[2020-01-15 18:04:11][DEBUG][ERROR] : [Cannot declare class App\HttpController\Index, because the name is already in use at file:/home/wwwroot/dujitang/App/HttpController/Test.php line:95]
[2020-01-15 18:08:02][DEBUG][NOTICE] : [Use of undefined constant MEMCACHE_COMPORESSED - assumed 'MEMCACHE_COMPORESSED' at file:/home/wwwroot/dujitang/App/HttpController/Test.php line:97]
[2020-01-15 18:08:05][DEBUG][NOTICE] : [Use of undefined constant MEMCACHE_COMPORESSED - assumed 'MEMCACHE_COMPORESSED' at file:/home/wwwroot/dujitang/App/HttpController/Test.php line:97]
[2020-01-15 18:08:06][DEBUG][NOTICE] : [Use of undefined constant MEMCACHE_COMPORESSED - assumed 'MEMCACHE_COMPORESSED' at file:/home/wwwroot/dujitang/App/HttpController/Test.php line:97]
[2020-01-15 18:23:32][DEBUG][NOTICE] : [Undefined variable: client at file:/home/wwwroot/dujitang/App/Common/Tool/MemcacheHelp.php line:22]
[2020-01-15 18:23:32][DEBUG][ERROR] : [Call to a member function get() on null at file:/home/wwwroot/dujitang/App/Common/Tool/MemcacheHelp.php line:22]
[2020-01-16 19:22:07][DEBUG][NOTICE] : [Use of undefined constant ROOT - assumed 'ROOT' at file:/home/wwwroot/dujitang/EasySwooleEvent.php line:26]
[2020-01-16 19:22:07][DEBUG][NOTICE] : [Use of undefined constant ROOT - assumed 'ROOT' at file:/home/wwwroot/dujitang/EasySwooleEvent.php line:26]
[2020-01-16 19:22:07][DEBUG][NOTICE] : [Use of undefined constant ROOT - assumed 'ROOT' at file:/home/wwwroot/dujitang/EasySwooleEvent.php line:26]
[2020-01-16 19:22:07][DEBUG][NOTICE] : [Use of undefined constant ROOT - assumed 'ROOT' at file:/home/wwwroot/dujitang/EasySwooleEvent.php line:26]
[2020-01-16 19:22:07][DEBUG][NOTICE] : [Use of undefined constant ROOT - assumed 'ROOT' at file:/home/wwwroot/dujitang/EasySwooleEvent.php line:26]
[2020-01-16 19:22:07][DEBUG][NOTICE] : [Use of undefined constant ROOT - assumed 'ROOT' at file:/home/wwwroot/dujitang/EasySwooleEvent.php line:26]
[2020-01-16 19:22:16][DEBUG][ERROR] : [Uncaught Error: Call to undefined method EasySwoole\ORM\Db\Config::getInstance() in /home/wwwroot/dujitang/EasySwooleEvent.php:41
Stack trace:
#0 /home/wwwroot/dujitang/vendor/easyswoole/easyswoole/src/Core.php(118): EasySwoole\EasySwoole\EasySwooleEvent::mainServerCreate(Object(EasySwoole\EasySwoole\Swoole\EventRegister))
#1 /home/wwwroot/dujitang/vendor/easyswoole/easyswoole/src/Command/DefaultCommand/Start.php(42): EasySwoole\EasySwoole\Core->createServer()
#2 /home/wwwroot/dujitang/vendor/easyswoole/easyswoole/src/Command/CommandContainer.php(46): EasySwoole\EasySwoole\Command\DefaultCommand\Start->exec(Array)
#3 /home/wwwroot/dujitang/vendor/easyswoole/easyswoole/src/Command/CommandRunner.php(54): EasySwoole\EasySwoole\Command\CommandContainer->hook('start', Array)
#4 /home/wwwroot/dujitang/easyswoole(24): EasySwoole\EasySwoole\Command\CommandRunner->run(Array)
#5 {main}
  thrown at file:/home/wwwroot/dujitang/EasySwooleEvent.php line:41]
[2020-01-16 19:24:23][DEBUG][ERROR] : [Uncaught Error: Call to undefined method EasySwoole\Pool\Config::getInstance() in /home/wwwroot/dujitang/EasySwooleEvent.php:42
Stack trace:
#0 /home/wwwroot/dujitang/vendor/easyswoole/easyswoole/src/Core.php(118): EasySwoole\EasySwoole\EasySwooleEvent::mainServerCreate(Object(EasySwoole\EasySwoole\Swoole\EventRegister))
#1 /home/wwwroot/dujitang/vendor/easyswoole/easyswoole/src/Command/DefaultCommand/Start.php(42): EasySwoole\EasySwoole\Core->createServer()
#2 /home/wwwroot/dujitang/vendor/easyswoole/easyswoole/src/Command/CommandContainer.php(46): EasySwoole\EasySwoole\Command\DefaultCommand\Start->exec(Array)
#3 /home/wwwroot/dujitang/vendor/easyswoole/easyswoole/src/Command/CommandRunner.php(54): EasySwoole\EasySwoole\Command\CommandContainer->hook('start', Array)
#4 /home/wwwroot/dujitang/easyswoole(24): EasySwoole\EasySwoole\Command\CommandRunner->run(Array)
#5 {main}
  thrown at file:/home/wwwroot/dujitang/EasySwooleEvent.php line:42]
[2020-01-16 19:34:56][DEBUG][ERROR] : [connect to redis host 127.0.0.1:6379 fail after retry 4 times at file:/home/wwwroot/dujitang/vendor/easyswoole/redis/src/Redis.php line:2866]
[2020-01-16 19:36:54][DEBUG][ERROR] : [NOAUTH Authentication required. at file:/home/wwwroot/dujitang/vendor/easyswoole/redis/src/Redis.php line:2884]
[2020-01-16 19:37:46][DEBUG][ERROR] : [NOAUTH Authentication required. at file:/home/wwwroot/dujitang/vendor/easyswoole/redis/src/Redis.php line:2884]
[2020-01-16 20:09:12][DEBUG][WARNING] : [strlen() expects parameter 1 to be string, object given at file:/home/wwwroot/dujitang/vendor/easyswoole/redis/src/Client.php line:45]
[2020-01-16 20:09:12][DEBUG][WARNING] : [Object of class stdClass could not be converted to string at file:/home/wwwroot/dujitang/vendor/easyswoole/redis/src/Client.php line:46]
[2020-01-16 20:09:16][DEBUG][WARNING] : [strlen() expects parameter 1 to be string, object given at file:/home/wwwroot/dujitang/vendor/easyswoole/redis/src/Client.php line:45]
[2020-01-16 20:09:16][DEBUG][WARNING] : [Object of class stdClass could not be converted to string at file:/home/wwwroot/dujitang/vendor/easyswoole/redis/src/Client.php line:46]
[2020-01-16 20:09:21][DEBUG][WARNING] : [strlen() expects parameter 1 to be string, object given at file:/home/wwwroot/dujitang/vendor/easyswoole/redis/src/Client.php line:45]
[2020-01-16 20:09:21][DEBUG][WARNING] : [Object of class stdClass could not be converted to string at file:/home/wwwroot/dujitang/vendor/easyswoole/redis/src/Client.php line:46]
