[2020-01-08 17:02:06 *2590.0]	ERROR	php_swoole_server_rshutdown (ERRNO 503): Fatal error: Declaration of App\HttpController\R::onException(App\HttpController\Throwable $throwable): string must be compatible with EasySwoole\Template\RenderInterface::onException(Throwable $throwable): string in /home/wwwroot/dujitang/App/HttpController/R.php on line 7
[2020-01-08 17:02:06 $2580.0]	WARNING	swManager_check_exit_status: worker#0[pid=2590] abnormal exit, status=255, signal=0
[2020-01-08 23:12:33 *3915.7]	WARNING	swSignalfd_onSignal (ERRNO 707): Unable to find callback function for signal Hangup: 1
[2020-01-08 23:12:33 #3897.1]	WARNING	swSignalfd_onSignal (ERRNO 707): Unable to find callback function for signal Hangup: 1
[2020-01-08 23:12:33 *3908.0]	WARNING	swSignalfd_onSignal (ERRNO 707): Unable to find callback function for signal Hangup: 1
[2020-01-08 23:12:33 *3909.1]	WARNING	swSignalfd_onSignal (ERRNO 707): Unable to find callback function for signal Hangup: 1
[2020-01-08 23:12:33 ^3903.11]	WARNING	swSignalfd_onSignal (ERRNO 707): Unable to find callback function for signal Hangup: 1
[2020-01-08 23:12:33 ^3905.13]	WARNING	swSignalfd_onSignal (ERRNO 707): Unable to find callback function for signal Hangup: 1
[2020-01-08 23:12:33 ^3902.10]	WARNING	swSignalfd_onSignal (ERRNO 707): Unable to find callback function for signal Hangup: 1
[2020-01-08 23:12:33 ^3900.8]	WARNING	swSignalfd_onSignal (ERRNO 707): Unable to find callback function for signal Hangup: 1
[2020-01-08 23:12:33 ^3907.15]	WARNING	swSignalfd_onSignal (ERRNO 707): Unable to find callback function for signal Hangup: 1
[2020-01-08 23:12:33 *3912.4]	WARNING	swSignalfd_onSignal (ERRNO 707): Unable to find callback function for signal Hangup: 1
[2020-01-08 23:12:33 *3913.5]	WARNING	swSignalfd_onSignal (ERRNO 707): Unable to find callback function for signal Hangup: 1
[2020-01-08 23:12:33 *3910.2]	WARNING	swSignalfd_onSignal (ERRNO 707): Unable to find callback function for signal Hangup: 1
[2020-01-08 23:12:33 *3911.3]	WARNING	swSignalfd_onSignal (ERRNO 707): Unable to find callback function for signal Hangup: 1
[2020-01-08 23:12:33 ^3901.9]	WARNING	swSignalfd_onSignal (ERRNO 707): Unable to find callback function for signal Hangup: 1
[2020-01-08 23:12:33 ^3904.12]	WARNING	swSignalfd_onSignal (ERRNO 707): Unable to find callback function for signal Hangup: 1
[2020-01-08 23:12:33 ^3906.14]	WARNING	swSignalfd_onSignal (ERRNO 707): Unable to find callback function for signal Hangup: 1
[2020-01-08 23:12:33 $3898.0]	WARNING	swSignal_callback (ERRNO 707): Unable to find callback function for signal Hangup: 1
[2020-01-08 23:12:33 *3914.6]	WARNING	swSignalfd_onSignal (ERRNO 707): Unable to find callback function for signal Hangup: 1
[2020-01-09 09:08:17 *3908.0]	WARNING	swSignalfd_onSignal (ERRNO 707): Unable to find callback function for signal Broken pipe: 13
[2020-01-09 09:09:26 #3897.1]	INFO	Server is shutdown now
[2020-01-09 10:02:56 *5180.0]	ERROR	php_swoole_server_rshutdown (ERRNO 503): Fatal error: Class 'App\HttpController\Base' not found in /home/wwwroot/dujitang/App/HttpController/Index.php on line 9
[2020-01-09 10:02:56 $5170.0]	WARNING	swManager_check_exit_status: worker#0[pid=5180] abnormal exit, status=255, signal=0
[2020-01-09 23:15:59 *5665.7]	WARNING	swSignalfd_onSignal (ERRNO 707): Unable to find callback function for signal Hangup: 1
[2020-01-09 23:15:59 *5664.6]	WARNING	swSignalfd_onSignal (ERRNO 707): Unable to find callback function for signal Hangup: 1
[2020-01-09 23:15:59 *5663.5]	WARNING	swSignalfd_onSignal (ERRNO 707): Unable to find callback function for signal Hangup: 1
[2020-01-09 23:15:59 *5662.4]	WARNING	swSignalfd_onSignal (ERRNO 707): Unable to find callback function for signal Hangup: 1
[2020-01-09 23:15:59 *5661.3]	WARNING	swSignalfd_onSignal (ERRNO 707): Unable to find callback function for signal Hangup: 1
[2020-01-09 23:15:59 *5660.2]	WARNING	swSignalfd_onSignal (ERRNO 707): Unable to find callback function for signal Hangup: 1
[2020-01-09 23:15:59 *5659.1]	WARNING	swSignalfd_onSignal (ERRNO 707): Unable to find callback function for signal Hangup: 1
[2020-01-09 23:15:59 *5658.0]	WARNING	swSignalfd_onSignal (ERRNO 707): Unable to find callback function for signal Hangup: 1
[2020-01-09 23:15:59 ^5657.15]	WARNING	swSignalfd_onSignal (ERRNO 707): Unable to find callback function for signal Hangup: 1
[2020-01-09 23:15:59 ^5656.14]	WARNING	swSignalfd_onSignal (ERRNO 707): Unable to find callback function for signal Hangup: 1
[2020-01-09 23:15:59 ^5655.13]	WARNING	swSignalfd_onSignal (ERRNO 707): Unable to find callback function for signal Hangup: 1
[2020-01-09 23:15:59 ^5654.12]	WARNING	swSignalfd_onSignal (ERRNO 707): Unable to find callback function for signal Hangup: 1
[2020-01-09 23:15:59 ^5653.11]	WARNING	swSignalfd_onSignal (ERRNO 707): Unable to find callback function for signal Hangup: 1
[2020-01-09 23:15:59 ^5652.10]	WARNING	swSignalfd_onSignal (ERRNO 707): Unable to find callback function for signal Hangup: 1
[2020-01-09 23:15:59 ^5651.9]	WARNING	swSignalfd_onSignal (ERRNO 707): Unable to find callback function for signal Hangup: 1
[2020-01-09 23:15:59 ^5650.8]	WARNING	swSignalfd_onSignal (ERRNO 707): Unable to find callback function for signal Hangup: 1
[2020-01-09 23:15:59 $5648.0]	WARNING	swSignal_callback (ERRNO 707): Unable to find callback function for signal Hangup: 1
[2020-01-09 23:15:59 #5647.1]	WARNING	swSignalfd_onSignal (ERRNO 707): Unable to find callback function for signal Hangup: 1
[2020-01-10 11:18:09 #5647.1]	INFO	Server is shutdown now
[43m[2020-01-11 02:01:27][DEBUG][NOTICE] : [PDO::prepare(): send of 32 bytes failed with errno=32 Broken pipe at file:/home/wwwroot/dujitang/vendor/topthink/think-orm/src/db/PDOConnection.php line:695][0m
[45m[2020-01-11 02:01:27][DEBUG][WARNING] : [Error while sending STMT_PREPARE packet. PID=9652 at file:/home/wwwroot/dujitang/vendor/topthink/think-orm/src/db/PDOConnection.php line:695][0m
[41m[2020-01-11 02:01:27][DEBUG][ERROR] : [SQLSTATE[HY000]: General error: 2006 MySQL server has gone away at file:/home/wwwroot/dujitang/vendor/topthink/think-orm/src/db/PDOConnection.php line:722][0m
[2020-01-11 02:01:27 *9652.0]	WARNING	swSignalfd_onSignal (ERRNO 707): Unable to find callback function for signal Broken pipe: 13
[41m[2020-01-11 03:47:52][DEBUG][ERROR] : [SQLSTATE[HY000]: General error: 2006 MySQL server has gone away at file:/home/wwwroot/dujitang/vendor/topthink/think-orm/src/db/PDOConnection.php line:722][0m
[41m[2020-01-11 07:51:57][DEBUG][ERROR] : [SQLSTATE[HY000]: General error: 2006 MySQL server has gone away at file:/home/wwwroot/dujitang/vendor/topthink/think-orm/src/db/PDOConnection.php line:722][0m
[41m[2020-01-11 18:51:15][DEBUG][ERROR] : [SQLSTATE[HY000]: General error: 2006 MySQL server has gone away at file:/home/wwwroot/dujitang/vendor/topthink/think-orm/src/db/PDOConnection.php line:722][0m
[41m[2020-01-11 18:51:15][DEBUG][ERROR] : [SQLSTATE[HY000]: General error: 2006 MySQL server has gone away at file:/home/wwwroot/dujitang/vendor/topthink/think-orm/src/db/PDOConnection.php line:722][0m
[41m[2020-01-11 18:51:15][DEBUG][ERROR] : [SQLSTATE[HY000]: General error: 2006 MySQL server has gone away at file:/home/wwwroot/dujitang/vendor/topthink/think-orm/src/db/PDOConnection.php line:722][0m
[41m[2020-01-11 20:25:58][DEBUG][ERROR] : [SQLSTATE[HY000]: General error: 2006 MySQL server has gone away at file:/home/wwwroot/dujitang/vendor/topthink/think-orm/src/db/PDOConnection.php line:722][0m
[41m[2020-01-11 21:26:01][DEBUG][ERROR] : [SQLSTATE[HY000]: General error: 2006 MySQL server has gone away at file:/home/wwwroot/dujitang/vendor/topthink/think-orm/src/db/PDOConnection.php line:722][0m
[41m[2020-01-12 03:27:24][DEBUG][ERROR] : [SQLSTATE[HY000]: General error: 2006 MySQL server has gone away at file:/home/wwwroot/dujitang/vendor/topthink/think-orm/src/db/PDOConnection.php line:722][0m
[41m[2020-01-12 05:54:29][DEBUG][ERROR] : [SQLSTATE[HY000]: General error: 2006 MySQL server has gone away at file:/home/wwwroot/dujitang/vendor/topthink/think-orm/src/db/PDOConnection.php line:722][0m
[41m[2020-01-12 12:18:18][DEBUG][ERROR] : [SQLSTATE[HY000]: General error: 2006 MySQL server has gone away at file:/home/wwwroot/dujitang/vendor/topthink/think-orm/src/db/PDOConnection.php line:722][0m
[41m[2020-01-12 13:46:12][DEBUG][ERROR] : [SQLSTATE[HY000]: General error: 2006 MySQL server has gone away at file:/home/wwwroot/dujitang/vendor/topthink/think-orm/src/db/PDOConnection.php line:722][0m
[41m[2020-01-12 14:17:51][DEBUG][ERROR] : [SQLSTATE[HY000]: General error: 2006 MySQL server has gone away at file:/home/wwwroot/dujitang/vendor/topthink/think-orm/src/db/PDOConnection.php line:722][0m
[41m[2020-01-12 14:22:11][DEBUG][ERROR] : [SQLSTATE[HY000]: General error: 2006 MySQL server has gone away at file:/home/wwwroot/dujitang/vendor/topthink/think-orm/src/db/PDOConnection.php line:722][0m
[41m[2020-01-12 14:22:31][DEBUG][ERROR] : [SQLSTATE[HY000]: General error: 2006 MySQL server has gone away at file:/home/wwwroot/dujitang/vendor/topthink/think-orm/src/db/PDOConnection.php line:722][0m
[41m[2020-01-12 14:22:33][DEBUG][ERROR] : [SQLSTATE[HY000]: General error: 2006 MySQL server has gone away at file:/home/wwwroot/dujitang/vendor/topthink/think-orm/src/db/PDOConnection.php line:722][0m
[41m[2020-01-12 14:23:59][DEBUG][ERROR] : [SQLSTATE[HY000]: General error: 2006 MySQL server has gone away at file:/home/wwwroot/dujitang/vendor/topthink/think-orm/src/db/PDOConnection.php line:722][0m
PHP Fatal error:  Cannot declare class App\HttpController\Index, because the name is already in use in /home/wwwroot/dujitang/App/HttpController/Test.php on line 71

Fatal error: Cannot declare class App\HttpController\Index, because the name is already in use in /home/wwwroot/dujitang/App/HttpController/Test.php on line 71
[41m[2020-01-12 14:25:33][DEBUG][ERROR] : [Cannot declare class App\HttpController\Index, because the name is already in use at file:/home/wwwroot/dujitang/App/HttpController/Test.php line:71][0m
[2020-01-12 14:25:33 *9652.0]	ERROR	php_swoole_server_rshutdown (ERRNO 503): Fatal error: Cannot declare class App\HttpController\Index, because the name is already in use in /home/wwwroot/dujitang/App/HttpController/Test.php on line 71
[2020-01-12 14:25:33 $9642.0]	WARNING	swManager_check_exit_status: worker#0[pid=9652] abnormal exit, status=255, signal=0
[2020-01-12 14:26:07 #9641.1]	INFO	Server is shutdown now
[43m[2020-01-12 14:26:07][DEBUG][NOTICE] : [Use of undefined constant ROOT - assumed 'ROOT' at file:/home/wwwroot/dujitang/EasySwooleEvent.php line:24][0m
[2020-01-12 14:33:17 $13223.0]	INFO	Server is reloading task workers now
[2020-01-12 16:08:14 #13222.1]	INFO	Server is shutdown now
[43m[2020-01-12 16:08:14][DEBUG][NOTICE] : [Use of undefined constant ROOT - assumed 'ROOT' at file:/home/wwwroot/dujitang/EasySwooleEvent.php line:24][0m
[2020-01-12 16:08:45 *13412.0]	ERROR	php_swoole_server_rshutdown (ERRNO 503): Fatal error: Class App\HttpController\Base contains 1 abstract method and must therefore be declared abstract or implement the remaining methods (EasySwoole\Http\AbstractInterface\Controller::index) in /home/wwwroot/dujitang/App/HttpController/Base.php on line 8
[2020-01-12 16:08:45 $13402.0]	WARNING	swManager_check_exit_status: worker#0[pid=13412] abnormal exit, status=255, signal=0
[2020-01-12 19:16:51 *13721.1]	ERROR	php_swoole_server_rshutdown (ERRNO 503): Fatal error: Cannot declare class App\HttpController\Index, because the name is already in use in /home/wwwroot/dujitang/App/HttpController/Test.php on line 89
[2020-01-12 19:16:51 $13710.0]	WARNING	swManager_check_exit_status: worker#1[pid=13721] abnormal exit, status=255, signal=0
[2020-01-12 19:16:52 *13720.0]	ERROR	php_swoole_server_rshutdown (ERRNO 503): Fatal error: Cannot declare class App\HttpController\Index, because the name is already in use in /home/wwwroot/dujitang/App/HttpController/Test.php on line 89
[2020-01-12 19:16:52 $13710.0]	WARNING	swManager_check_exit_status: worker#0[pid=13720] abnormal exit, status=255, signal=0
[2020-01-12 19:16:52 *13915.0]	ERROR	php_swoole_server_rshutdown (ERRNO 503): Fatal error: Cannot declare class App\HttpController\Index, because the name is already in use in /home/wwwroot/dujitang/App/HttpController/Test.php on line 89
[2020-01-12 19:16:52 $13710.0]	WARNING	swManager_check_exit_status: worker#0[pid=13915] abnormal exit, status=255, signal=0
[2020-01-12 19:16:57 *13727.7]	ERROR	php_swoole_server_rshutdown (ERRNO 503): Fatal error: Cannot declare class App\HttpController\Index, because the name is already in use in /home/wwwroot/dujitang/App/HttpController/Test.php on line 89
[2020-01-12 19:16:57 $13710.0]	WARNING	swManager_check_exit_status: worker#7[pid=13727] abnormal exit, status=255, signal=0
[2020-01-12 19:32:40 *13917.7]	WARNING	swSignalfd_onSignal (ERRNO 707): Unable to find callback function for signal Hangup: 1
[2020-01-12 19:32:40 *13916.0]	WARNING	swSignalfd_onSignal (ERRNO 707): Unable to find callback function for signal Hangup: 1
[2020-01-12 19:32:40 *13914.1]	WARNING	swSignalfd_onSignal (ERRNO 707): Unable to find callback function for signal Hangup: 1
[2020-01-12 19:32:40 *13726.6]	WARNING	swSignalfd_onSignal (ERRNO 707): Unable to find callback function for signal Hangup: 1
[2020-01-12 19:32:40 *13725.5]	WARNING	swSignalfd_onSignal (ERRNO 707): Unable to find callback function for signal Hangup: 1
[2020-01-12 19:32:40 *13724.4]	WARNING	swSignalfd_onSignal (ERRNO 707): Unable to find callback function for signal Hangup: 1
[2020-01-12 19:32:40 *13723.3]	WARNING	swSignalfd_onSignal (ERRNO 707): Unable to find callback function for signal Hangup: 1
[2020-01-12 19:32:40 *13722.2]	WARNING	swSignalfd_onSignal (ERRNO 707): Unable to find callback function for signal Hangup: 1
[2020-01-12 19:32:40 ^13719.15]	WARNING	swSignalfd_onSignal (ERRNO 707): Unable to find callback function for signal Hangup: 1
[2020-01-12 19:32:40 ^13718.14]	WARNING	swSignalfd_onSignal (ERRNO 707): Unable to find callback function for signal Hangup: 1
[2020-01-12 19:32:40 ^13717.13]	WARNING	swSignalfd_onSignal (ERRNO 707): Unable to find callback function for signal Hangup: 1
[2020-01-12 19:32:40 ^13716.12]	WARNING	swSignalfd_onSignal (ERRNO 707): Unable to find callback function for signal Hangup: 1
[2020-01-12 19:32:40 ^13715.11]	WARNING	swSignalfd_onSignal (ERRNO 707): Unable to find callback function for signal Hangup: 1
[2020-01-12 19:32:40 ^13714.10]	WARNING	swSignalfd_onSignal (ERRNO 707): Unable to find callback function for signal Hangup: 1
[2020-01-12 19:32:40 ^13713.9]	WARNING	swSignalfd_onSignal (ERRNO 707): Unable to find callback function for signal Hangup: 1
[2020-01-12 19:32:40 ^13712.8]	WARNING	swSignalfd_onSignal (ERRNO 707): Unable to find callback function for signal Hangup: 1
[2020-01-12 19:32:40 $13710.0]	WARNING	swSignal_callback (ERRNO 707): Unable to find callback function for signal Hangup: 1
[2020-01-12 19:32:40 #13709.1]	WARNING	swSignalfd_onSignal (ERRNO 707): Unable to find callback function for signal Hangup: 1
[2020-01-13 20:22:28 #13709.1]	INFO	Server is shutdown now
[45m[2020-01-13 20:22:50][DEBUG][WARNING] : [file_get_contents(./App/View/Index/a.html): failed to open stream: No such file or directory at file:/home/wwwroot/dujitang/App/HttpController/Index.php line:18][0m
[45m[2020-01-13 20:22:54][DEBUG][WARNING] : [file_get_contents(./App/View/Index/a.html): failed to open stream: No such file or directory at file:/home/wwwroot/dujitang/App/HttpController/Index.php line:18][0m
[2020-01-13 20:23:06 #15938.1]	INFO	Server is shutdown now
[45m[2020-01-13 20:23:11][DEBUG][WARNING] : [file_get_contents(./App/View/Index/a.html): failed to open stream: No such file or directory at file:/home/wwwroot/dujitang/App/HttpController/Index.php line:18][0m
[45m[2020-01-13 20:23:12][DEBUG][WARNING] : [file_get_contents(./App/View/Index/a.html): failed to open stream: No such file or directory at file:/home/wwwroot/dujitang/App/HttpController/Index.php line:18][0m
[2020-01-13 20:23:20 #15960.1]	INFO	Server is shutdown now
[45m[2020-01-13 20:23:57][DEBUG][WARNING] : [file_get_contents(./App/View/Index/a.html): failed to open stream: No such file or directory at file:/home/wwwroot/dujitang/App/HttpController/Index.php line:18][0m
[45m[2020-01-13 20:23:58][DEBUG][WARNING] : [file_get_contents(./App/View/Index/a.html): failed to open stream: No such file or directory at file:/home/wwwroot/dujitang/App/HttpController/Index.php line:18][0m
[45m[2020-01-13 20:23:59][DEBUG][WARNING] : [file_get_contents(./App/View/Index/a.html): failed to open stream: No such file or directory at file:/home/wwwroot/dujitang/App/HttpController/Index.php line:18][0m
[2020-01-13 20:24:38 #16001.1]	INFO	Server is shutdown now
[45m[2020-01-13 20:24:51][DEBUG][WARNING] : [file_get_contents(./App/View/Index/a.html): failed to open stream: No such file or directory at file:/home/wwwroot/dujitang/App/HttpController/Index.php line:18][0m
[45m[2020-01-13 20:24:52][DEBUG][WARNING] : [file_get_contents(./App/View/Index/a.html): failed to open stream: No such file or directory at file:/home/wwwroot/dujitang/App/HttpController/Index.php line:18][0m
[45m[2020-01-13 20:24:52][DEBUG][WARNING] : [file_get_contents(./App/View/Index/a.html): failed to open stream: No such file or directory at file:/home/wwwroot/dujitang/App/HttpController/Index.php line:18][0m
[45m[2020-01-13 20:24:53][DEBUG][WARNING] : [file_get_contents(./App/View/Index/a.html): failed to open stream: No such file or directory at file:/home/wwwroot/dujitang/App/HttpController/Index.php line:18][0m
[45m[2020-01-13 20:26:22][DEBUG][WARNING] : [file_get_contents(./App/View/Index/a.html): failed to open stream: No such file or directory at file:/home/wwwroot/dujitang/App/HttpController/Index.php line:18][0m
[2020-01-13 20:29:21 #16025.1]	INFO	Server is shutdown now
[43m[2020-01-14 09:52:31][DEBUG][NOTICE] : [PDO::prepare(): send of 32 bytes failed with errno=32 Broken pipe at file:/home/wwwroot/dujitang/vendor/topthink/think-orm/src/db/PDOConnection.php line:695][0m
[45m[2020-01-14 09:52:31][DEBUG][WARNING] : [Error while sending STMT_PREPARE packet. PID=16121 at file:/home/wwwroot/dujitang/vendor/topthink/think-orm/src/db/PDOConnection.php line:695][0m
[41m[2020-01-14 09:52:31][DEBUG][ERROR] : [SQLSTATE[HY000]: General error: 2006 MySQL server has gone away at file:/home/wwwroot/dujitang/vendor/topthink/think-orm/src/db/PDOConnection.php line:722][0m
[2020-01-14 09:52:31 *16121.0]	WARNING	swSignalfd_onSignal (ERRNO 707): Unable to find callback function for signal Broken pipe: 13
[41m[2020-01-14 09:52:32][DEBUG][ERROR] : [SQLSTATE[HY000]: General error: 2006 MySQL server has gone away at file:/home/wwwroot/dujitang/vendor/topthink/think-orm/src/db/PDOConnection.php line:722][0m
[2020-01-14 15:08:31 #16110.1]	INFO	Server is shutdown now
[43m[2020-01-14 15:08:31][DEBUG][NOTICE] : [Use of undefined constant ROOT - assumed 'ROOT' at file:/home/wwwroot/dujitang/EasySwooleEvent.php line:24][0m
PHP Fatal error:  Cannot declare class App\HttpController\Index, because the name is already in use in /home/wwwroot/dujitang/App/HttpController/Test.php on line 89

Fatal error: Cannot declare class App\HttpController\Index, because the name is already in use in /home/wwwroot/dujitang/App/HttpController/Test.php on line 89
[41m[2020-01-15 04:07:22][DEBUG][ERROR] : [Cannot declare class App\HttpController\Index, because the name is already in use at file:/home/wwwroot/dujitang/App/HttpController/Test.php line:89][0m
[2020-01-15 04:07:22 *15551.1]	ERROR	php_swoole_server_rshutdown (ERRNO 503): Fatal error: Cannot declare class App\HttpController\Index, because the name is already in use in /home/wwwroot/dujitang/App/HttpController/Test.php on line 89
[2020-01-15 04:07:22 $15548.0]	WARNING	swManager_check_exit_status: worker#1[pid=15551] abnormal exit, status=255, signal=0
PHP Fatal error:  Cannot declare class App\HttpController\Index, because the name is already in use in /home/wwwroot/dujitang/App/HttpController/Test.php on line 89

Fatal error: Cannot declare class App\HttpController\Index, because the name is already in use in /home/wwwroot/dujitang/App/HttpController/Test.php on line 89
[41m[2020-01-15 04:07:22][DEBUG][ERROR] : [Cannot declare class App\HttpController\Index, because the name is already in use at file:/home/wwwroot/dujitang/App/HttpController/Test.php line:89][0m
[2020-01-15 04:07:22 *22218.1]	ERROR	php_swoole_server_rshutdown (ERRNO 503): Fatal error: Cannot declare class App\HttpController\Index, because the name is already in use in /home/wwwroot/dujitang/App/HttpController/Test.php on line 89
[2020-01-15 04:07:22 $15548.0]	WARNING	swManager_check_exit_status: worker#1[pid=22218] abnormal exit, status=255, signal=0
PHP Fatal error:  Cannot declare class App\HttpController\Index, because the name is already in use in /home/wwwroot/dujitang/App/HttpController/Test.php on line 89

Fatal error: Cannot declare class App\HttpController\Index, because the name is already in use in /home/wwwroot/dujitang/App/HttpController/Test.php on line 89
[41m[2020-01-15 04:07:22][DEBUG][ERROR] : [Cannot declare class App\HttpController\Index, because the name is already in use at file:/home/wwwroot/dujitang/App/HttpController/Test.php line:89][0m
[2020-01-15 04:07:22 *15550.0]	ERROR	php_swoole_server_rshutdown (ERRNO 503): Fatal error: Cannot declare class App\HttpController\Index, because the name is already in use in /home/wwwroot/dujitang/App/HttpController/Test.php on line 89
[2020-01-15 04:07:22 $15548.0]	WARNING	swManager_check_exit_status: worker#0[pid=15550] abnormal exit, status=255, signal=0
PHP Fatal error:  Cannot declare class App\HttpController\Index, because the name is already in use in /home/wwwroot/dujitang/App/HttpController/Test.php on line 89

Fatal error: Cannot declare class App\HttpController\Index, because the name is already in use in /home/wwwroot/dujitang/App/HttpController/Test.php on line 89
[41m[2020-01-15 04:07:29][DEBUG][ERROR] : [Cannot declare class App\HttpController\Index, because the name is already in use at file:/home/wwwroot/dujitang/App/HttpController/Test.php line:89][0m
[2020-01-15 04:07:29 *22220.0]	ERROR	php_swoole_server_rshutdown (ERRNO 503): Fatal error: Cannot declare class App\HttpController\Index, because the name is already in use in /home/wwwroot/dujitang/App/HttpController/Test.php on line 89
[2020-01-15 04:07:29 $15548.0]	WARNING	swManager_check_exit_status: worker#0[pid=22220] abnormal exit, status=255, signal=0
[2020-01-15 16:57:08 #15547.1]	INFO	Server is shutdown now
[43m[2020-01-15 16:57:08][DEBUG][NOTICE] : [Use of undefined constant ROOT - assumed 'ROOT' at file:/home/wwwroot/dujitang/EasySwooleEvent.php line:26][0m
[43m[2020-01-15 16:57:08][DEBUG][NOTICE] : [Use of undefined constant ROOT - assumed 'ROOT' at file:/home/wwwroot/dujitang/EasySwooleEvent.php line:26][0m
[43m[2020-01-15 16:57:08][DEBUG][NOTICE] : [Use of undefined constant ROOT - assumed 'ROOT' at file:/home/wwwroot/dujitang/EasySwooleEvent.php line:26][0m
[43m[2020-01-15 16:57:08][DEBUG][NOTICE] : [Use of undefined constant ROOT - assumed 'ROOT' at file:/home/wwwroot/dujitang/EasySwooleEvent.php line:26][0m
[43m[2020-01-15 16:57:08][DEBUG][NOTICE] : [Use of undefined constant ROOT - assumed 'ROOT' at file:/home/wwwroot/dujitang/EasySwooleEvent.php line:26][0m
[2020-01-15 17:51:00 #27611.1]	INFO	Server is shutdown now
[43m[2020-01-15 17:51:00][DEBUG][NOTICE] : [Use of undefined constant ROOT - assumed 'ROOT' at file:/home/wwwroot/dujitang/EasySwooleEvent.php line:26][0m
[43m[2020-01-15 17:51:00][DEBUG][NOTICE] : [Use of undefined constant ROOT - assumed 'ROOT' at file:/home/wwwroot/dujitang/EasySwooleEvent.php line:26][0m
[43m[2020-01-15 17:51:00][DEBUG][NOTICE] : [Use of undefined constant ROOT - assumed 'ROOT' at file:/home/wwwroot/dujitang/EasySwooleEvent.php line:26][0m
[43m[2020-01-15 17:51:00][DEBUG][NOTICE] : [Use of undefined constant ROOT - assumed 'ROOT' at file:/home/wwwroot/dujitang/EasySwooleEvent.php line:26][0m
[43m[2020-01-15 17:51:00][DEBUG][NOTICE] : [Use of undefined constant ROOT - assumed 'ROOT' at file:/home/wwwroot/dujitang/EasySwooleEvent.php line:26][0m
[2020-01-15 18:02:41 #27685.1]	INFO	Server is shutdown now
[43m[2020-01-15 18:02:41][DEBUG][NOTICE] : [Use of undefined constant ROOT - assumed 'ROOT' at file:/home/wwwroot/dujitang/EasySwooleEvent.php line:26][0m
[43m[2020-01-15 18:02:41][DEBUG][NOTICE] : [Use of undefined constant ROOT - assumed 'ROOT' at file:/home/wwwroot/dujitang/EasySwooleEvent.php line:26][0m
[43m[2020-01-15 18:02:41][DEBUG][NOTICE] : [Use of undefined constant ROOT - assumed 'ROOT' at file:/home/wwwroot/dujitang/EasySwooleEvent.php line:26][0m
[43m[2020-01-15 18:02:41][DEBUG][NOTICE] : [Use of undefined constant ROOT - assumed 'ROOT' at file:/home/wwwroot/dujitang/EasySwooleEvent.php line:26][0m
[43m[2020-01-15 18:02:41][DEBUG][NOTICE] : [Use of undefined constant ROOT - assumed 'ROOT' at file:/home/wwwroot/dujitang/EasySwooleEvent.php line:26][0m
[2020-01-15 18:04:11 *27867.0]	ERROR	php_swoole_server_rshutdown (ERRNO 503): Fatal error: Cannot declare class App\HttpController\Index, because the name is already in use in /home/wwwroot/dujitang/App/HttpController/Test.php on line 95
[2020-01-15 18:04:11 $27865.0]	WARNING	swManager_check_exit_status: worker#0[pid=27867] abnormal exit, status=255, signal=0
[2020-01-16 19:22:07 #28068.1]	INFO	Server is shutdown now
[43m[2020-01-16 19:22:07][DEBUG][NOTICE] : [Use of undefined constant ROOT - assumed 'ROOT' at file:/home/wwwroot/dujitang/EasySwooleEvent.php line:26][0m
[43m[2020-01-16 19:22:07][DEBUG][NOTICE] : [Use of undefined constant ROOT - assumed 'ROOT' at file:/home/wwwroot/dujitang/EasySwooleEvent.php line:26][0m
[43m[2020-01-16 19:22:07][DEBUG][NOTICE] : [Use of undefined constant ROOT - assumed 'ROOT' at file:/home/wwwroot/dujitang/EasySwooleEvent.php line:26][0m
[43m[2020-01-16 19:22:07][DEBUG][NOTICE] : [Use of undefined constant ROOT - assumed 'ROOT' at file:/home/wwwroot/dujitang/EasySwooleEvent.php line:26][0m
[43m[2020-01-16 19:22:07][DEBUG][NOTICE] : [Use of undefined constant ROOT - assumed 'ROOT' at file:/home/wwwroot/dujitang/EasySwooleEvent.php line:26][0m
[41m[2020-01-19 22:07:53][DEBUG][ERROR] : [Undefined db config:mysql at file:/home/wwwroot/dujitang/vendor/topthink/think-orm/src/DbManager.php line:278][0m
[41m[2020-01-19 22:07:54][DEBUG][ERROR] : [Undefined db config:mysql at file:/home/wwwroot/dujitang/vendor/topthink/think-orm/src/DbManager.php line:278][0m
[41m[2020-01-19 22:07:54][DEBUG][ERROR] : [Undefined db config:mysql at file:/home/wwwroot/dujitang/vendor/topthink/think-orm/src/DbManager.php line:278][0m
[41m[2020-01-19 22:08:00][DEBUG][ERROR] : [Undefined db config:mysql at file:/home/wwwroot/dujitang/vendor/topthink/think-orm/src/DbManager.php line:278][0m
[43m[2020-01-20 14:28:36][DEBUG][NOTICE] : [Use of undefined constant ROOT - assumed 'ROOT' at file:/home/wwwroot/dujitang/EasySwooleEvent.php line:27][0m
[43m[2020-01-20 14:28:36][DEBUG][NOTICE] : [Use of undefined constant ROOT - assumed 'ROOT' at file:/home/wwwroot/dujitang/EasySwooleEvent.php line:27][0m
[43m[2020-01-20 14:28:36][DEBUG][NOTICE] : [Use of undefined constant ROOT - assumed 'ROOT' at file:/home/wwwroot/dujitang/EasySwooleEvent.php line:27][0m
[43m[2020-01-20 14:28:36][DEBUG][NOTICE] : [Use of undefined constant ROOT - assumed 'ROOT' at file:/home/wwwroot/dujitang/EasySwooleEvent.php line:27][0m
[41m[2020-01-22 07:16:23][DEBUG][ERROR] : [Undefined db config:mysql at file:/home/wwwroot/dujitang/vendor/topthink/think-orm/src/DbManager.php line:278][0m
[41m[2020-01-22 07:16:25][DEBUG][ERROR] : [Undefined db config:mysql at file:/home/wwwroot/dujitang/vendor/topthink/think-orm/src/DbManager.php line:278][0m
[41m[2020-01-22 07:16:25][DEBUG][ERROR] : [Undefined db config:mysql at file:/home/wwwroot/dujitang/vendor/topthink/think-orm/src/DbManager.php line:278][0m
[41m[2020-01-22 07:16:48][DEBUG][ERROR] : [Undefined db config:mysql at file:/home/wwwroot/dujitang/vendor/topthink/think-orm/src/DbManager.php line:278][0m
[41m[2020-01-24 16:14:05][DEBUG][ERROR] : [Undefined db config:mysql at file:/home/wwwroot/dujitang/vendor/topthink/think-orm/src/DbManager.php line:278][0m
[41m[2020-01-24 16:14:09][DEBUG][ERROR] : [Undefined db config:mysql at file:/home/wwwroot/dujitang/vendor/topthink/think-orm/src/DbManager.php line:278][0m
[41m[2020-01-24 16:14:11][DEBUG][ERROR] : [Undefined db config:mysql at file:/home/wwwroot/dujitang/vendor/topthink/think-orm/src/DbManager.php line:278][0m
[41m[2020-01-24 16:14:19][DEBUG][ERROR] : [Undefined db config:mysql at file:/home/wwwroot/dujitang/vendor/topthink/think-orm/src/DbManager.php line:278][0m
[41m[2020-01-27 01:11:45][DEBUG][ERROR] : [Undefined db config:mysql at file:/home/wwwroot/dujitang/vendor/topthink/think-orm/src/DbManager.php line:278][0m
[41m[2020-01-27 01:11:46][DEBUG][ERROR] : [Undefined db config:mysql at file:/home/wwwroot/dujitang/vendor/topthink/think-orm/src/DbManager.php line:278][0m
[41m[2020-01-27 01:11:46][DEBUG][ERROR] : [Undefined db config:mysql at file:/home/wwwroot/dujitang/vendor/topthink/think-orm/src/DbManager.php line:278][0m
[41m[2020-01-27 01:11:59][DEBUG][ERROR] : [Undefined db config:mysql at file:/home/wwwroot/dujitang/vendor/topthink/think-orm/src/DbManager.php line:278][0m
[41m[2020-01-29 10:16:00][DEBUG][ERROR] : [Undefined db config:mysql at file:/home/wwwroot/dujitang/vendor/topthink/think-orm/src/DbManager.php line:278][0m
[41m[2020-05-15 19:07:56][DEBUG][ERROR] : [Undefined db config:mysql at file:/home/wwwroot/dujitang/vendor/topthink/think-orm/src/DbManager.php line:278][0m
[41m[2020-05-15 19:07:57][DEBUG][ERROR] : [Undefined db config:mysql at file:/home/wwwroot/dujitang/vendor/topthink/think-orm/src/DbManager.php line:278][0m
[41m[2020-05-15 19:07:57][DEBUG][ERROR] : [Undefined db config:mysql at file:/home/wwwroot/dujitang/vendor/topthink/think-orm/src/DbManager.php line:278][0m
[41m[2020-05-15 19:08:08][DEBUG][ERROR] : [Undefined db config:mysql at file:/home/wwwroot/dujitang/vendor/topthink/think-orm/src/DbManager.php line:278][0m
[41m[2020-05-15 20:52:18][DEBUG][ERROR] : [Undefined db config:mysql at file:/home/wwwroot/dujitang/vendor/topthink/think-orm/src/DbManager.php line:278][0m
[41m[2020-05-15 20:52:19][DEBUG][ERROR] : [Undefined db config:mysql at file:/home/wwwroot/dujitang/vendor/topthink/think-orm/src/DbManager.php line:278][0m
[41m[2020-05-15 20:52:20][DEBUG][ERROR] : [Undefined db config:mysql at file:/home/wwwroot/dujitang/vendor/topthink/think-orm/src/DbManager.php line:278][0m
[41m[2020-05-30 19:15:38][DEBUG][ERROR] : [Undefined db config:mysql at file:/home/wwwroot/dujitang/vendor/topthink/think-orm/src/DbManager.php line:278][0m
[41m[2020-05-30 19:15:41][DEBUG][ERROR] : [Undefined db config:mysql at file:/home/wwwroot/dujitang/vendor/topthink/think-orm/src/DbManager.php line:278][0m
[41m[2020-05-30 19:15:41][DEBUG][ERROR] : [Undefined db config:mysql at file:/home/wwwroot/dujitang/vendor/topthink/think-orm/src/DbManager.php line:278][0m
[41m[2020-05-30 19:16:01][DEBUG][ERROR] : [Undefined db config:mysql at file:/home/wwwroot/dujitang/vendor/topthink/think-orm/src/DbManager.php line:278][0m
[41m[2020-06-06 14:09:15][DEBUG][ERROR] : [Undefined db config:mysql at file:/home/wwwroot/dujitang/vendor/topthink/think-orm/src/DbManager.php line:278][0m
[41m[2020-06-06 14:09:16][DEBUG][ERROR] : [Undefined db config:mysql at file:/home/wwwroot/dujitang/vendor/topthink/think-orm/src/DbManager.php line:278][0m
[41m[2020-06-06 14:09:19][DEBUG][ERROR] : [Undefined db config:mysql at file:/home/wwwroot/dujitang/vendor/topthink/think-orm/src/DbManager.php line:278][0m
[41m[2020-06-08 23:14:02][DEBUG][ERROR] : [Undefined db config:mysql at file:/home/wwwroot/dujitang/vendor/topthink/think-orm/src/DbManager.php line:278][0m
[41m[2020-06-08 23:14:02][DEBUG][ERROR] : [Undefined db config:mysql at file:/home/wwwroot/dujitang/vendor/topthink/think-orm/src/DbManager.php line:278][0m
[41m[2020-06-08 23:14:02][DEBUG][ERROR] : [Undefined db config:mysql at file:/home/wwwroot/dujitang/vendor/topthink/think-orm/src/DbManager.php line:278][0m
[41m[2020-06-08 23:14:14][DEBUG][ERROR] : [Undefined db config:mysql at file:/home/wwwroot/dujitang/vendor/topthink/think-orm/src/DbManager.php line:278][0m
[41m[2020-06-11 08:07:40][DEBUG][ERROR] : [Undefined db config:mysql at file:/home/wwwroot/dujitang/vendor/topthink/think-orm/src/DbManager.php line:278][0m
[41m[2020-06-11 08:07:41][DEBUG][ERROR] : [Undefined db config:mysql at file:/home/wwwroot/dujitang/vendor/topthink/think-orm/src/DbManager.php line:278][0m
[41m[2020-06-11 08:07:41][DEBUG][ERROR] : [Undefined db config:mysql at file:/home/wwwroot/dujitang/vendor/topthink/think-orm/src/DbManager.php line:278][0m
[41m[2020-06-11 08:07:46][DEBUG][ERROR] : [Undefined db config:mysql at file:/home/wwwroot/dujitang/vendor/topthink/think-orm/src/DbManager.php line:278][0m
[41m[2020-06-13 17:08:40][DEBUG][ERROR] : [Undefined db config:mysql at file:/home/wwwroot/dujitang/vendor/topthink/think-orm/src/DbManager.php line:278][0m
[41m[2020-06-13 17:08:41][DEBUG][ERROR] : [Undefined db config:mysql at file:/home/wwwroot/dujitang/vendor/topthink/think-orm/src/DbManager.php line:278][0m
[41m[2020-06-13 17:08:41][DEBUG][ERROR] : [Undefined db config:mysql at file:/home/wwwroot/dujitang/vendor/topthink/think-orm/src/DbManager.php line:278][0m
[41m[2020-06-13 17:08:51][DEBUG][ERROR] : [Undefined db config:mysql at file:/home/wwwroot/dujitang/vendor/topthink/think-orm/src/DbManager.php line:278][0m
PHP Fatal error:  Uncaught EasySwoole\ORM\Exception\Exception: SQLSTATE[HY000] [2002]  in /home/wwwroot/dujitang/vendor/easyswoole/orm/src/Db/MysqlPool.php:21
Stack trace:
#0 /home/wwwroot/dujitang/vendor/easyswoole/pool/src/AbstractPool.php(272): EasySwoole\ORM\Db\MysqlPool->createObject()
#1 /home/wwwroot/dujitang/vendor/easyswoole/pool/src/AbstractPool.php(230): EasySwoole\Pool\AbstractPool->initObject()
#2 /home/wwwroot/dujitang/vendor/easyswoole/pool/src/AbstractPool.php(216): EasySwoole\Pool\AbstractPool->keepMin(5)
#3 {main}
  thrown in /home/wwwroot/dujitang/vendor/easyswoole/orm/src/Db/MysqlPool.php on line 21
PHP Fatal error:  Uncaught EasySwoole\ORM\Exception\Exception: SQLSTATE[HY000] [2002]  in /home/wwwroot/dujitang/vendor/easyswoole/orm/src/Db/MysqlPool.php:21
Stack trace:
#0 /home/wwwroot/dujitang/vendor/easyswoole/pool/src/AbstractPool.php(272): EasySwoole\ORM\Db\MysqlPool->createObject()
#1 /home/wwwroot/dujitang/vendor/easyswoole/pool/src/AbstractPool.php(230): EasySwoole\Pool\AbstractPool->initObject()
#2 /home/wwwroot/dujitang/vendor/easyswoole/pool/src/AbstractPool.php(216): EasySwoole\Pool\AbstractPool->keepMin(5)
#3 {main}
  thrown in /home/wwwroot/dujitang/vendor/easyswoole/orm/src/Db/MysqlPool.php on line 21
PHP Fatal error:  Uncaught EasySwoole\ORM\Exception\Exception: SQLSTATE[HY000] [2002] Connection timed out in /home/wwwroot/dujitang/vendor/easyswoole/orm/src/Db/MysqlPool.php:21
Stack trace:
#0 /home/wwwroot/dujitang/vendor/easyswoole/pool/src/AbstractPool.php(272): EasySwoole\ORM\Db\MysqlPool->createObject()
#1 /home/wwwroot/dujitang/vendor/easyswoole/pool/src/AbstractPool.php(230): EasySwoole\Pool\AbstractPool->initObject()
#2 /home/wwwroot/dujitang/vendor/easyswoole/pool/src/AbstractPool.php(216): EasySwoole\Pool\AbstractPool->keepMin(5)
#3 {main}
  thrown in /home/wwwroot/dujitang/vendor/easyswoole/orm/src/Db/MysqlPool.php on line 21

Fatal error: Uncaught EasySwoole\ORM\Exception\Exception: SQLSTATE[HY000] [2002]  in /home/wwwroot/dujitang/vendor/easyswoole/orm/src/Db/MysqlPool.php:21
Stack trace:
#0 /home/wwwroot/dujitang/vendor/easyswoole/pool/src/AbstractPool.php(272): EasySwoole\ORM\Db\MysqlPool->createObject()
#1 /home/wwwroot/dujitang/vendor/easyswoole/pool/src/AbstractPool.php(230): EasySwoole\Pool\AbstractPool->initObject()
#2 /home/wwwroot/dujitang/vendor/easyswoole/pool/src/AbstractPool.php(216): EasySwoole\Pool\AbstractPool->keepMin(5)
#3 {main}
  thrown in /home/wwwroot/dujitang/vendor/easyswoole/orm/src/Db/MysqlPool.php on line 21

Fatal error: Uncaught EasySwoole\ORM\Exception\Exception: SQLSTATE[HY000] [2002]  in /home/wwwroot/dujitang/vendor/easyswoole/orm/src/Db/MysqlPool.php:21
Stack trace:
#0 /home/wwwroot/dujitang/vendor/easyswoole/pool/src/AbstractPool.php(272): EasySwoole\ORM\Db\MysqlPool->createObject()
#1 /home/wwwroot/dujitang/vendor/easyswoole/pool/src/AbstractPool.php(230): EasySwoole\Pool\AbstractPool->initObject()
#2 /home/wwwroot/dujitang/vendor/easyswoole/pool/src/AbstractPool.php(216): EasySwoole\Pool\AbstractPool->keepMin(5)
#3 {main}
  thrown in /home/wwwroot/dujitang/vendor/easyswoole/orm/src/Db/MysqlPool.php on line 21

Fatal error: Uncaught EasySwoole\ORM\Exception\Exception: SQLSTATE[HY000] [2002] Connection timed out in /home/wwwroot/dujitang/vendor/easyswoole/orm/src/Db/MysqlPool.php:21
Stack trace:
#0 /home/wwwroot/dujitang/vendor/easyswoole/pool/src/AbstractPool.php(272): EasySwoole\ORM\Db\MysqlPool->createObject()
#1 /home/wwwroot/dujitang/vendor/easyswoole/pool/src/AbstractPool.php(230): EasySwoole\Pool\AbstractPool->initObject()
#2 /home/wwwroot/dujitang/vendor/easyswoole/pool/src/AbstractPool.php(216): EasySwoole\Pool\AbstractPool->keepMin(5)
#3 {main}
  thrown in /home/wwwroot/dujitang/vendor/easyswoole/orm/src/Db/MysqlPool.php on line 21
PHP Fatal error:  Uncaught EasySwoole\ORM\Exception\Exception: SQLSTATE[HY000] [2002]  in /home/wwwroot/dujitang/vendor/easyswoole/orm/src/Db/MysqlPool.php:21
Stack trace:
#0 /home/wwwroot/dujitang/vendor/easyswoole/pool/src/AbstractPool.php(272): EasySwoole\ORM\Db\MysqlPool->createObject()
#1 /home/wwwroot/dujitang/vendor/easyswoole/pool/src/AbstractPool.php(230): EasySwoole\Pool\AbstractPool->initObject()
#2 /home/wwwroot/dujitang/vendor/easyswoole/pool/src/AbstractPool.php(216): EasySwoole\Pool\AbstractPool->keepMin(5)
#3 {main}
  thrown in /home/wwwroot/dujitang/vendor/easyswoole/orm/src/Db/MysqlPool.php on line 21
PHP Fatal error:  Uncaught EasySwoole\ORM\Exception\Exception: SQLSTATE[HY000] [2002]  in /home/wwwroot/dujitang/vendor/easyswoole/orm/src/Db/MysqlPool.php:21
Stack trace:
#0 /home/wwwroot/dujitang/vendor/easyswoole/pool/src/AbstractPool.php(272): EasySwoole\ORM\Db\MysqlPool->createObject()
#1 /home/wwwroot/dujitang/vendor/easyswoole/pool/src/AbstractPool.php(230): EasySwoole\Pool\AbstractPool->initObject()
#2 /home/wwwroot/dujitang/vendor/easyswoole/pool/src/AbstractPool.php(216): EasySwoole\Pool\AbstractPool->keepMin(5)
#3 {main}
  thrown in /home/wwwroot/dujitang/vendor/easyswoole/orm/src/Db/MysqlPool.php on line 21

Fatal error: Uncaught EasySwoole\ORM\Exception\Exception: SQLSTATE[HY000] [2002]  in /home/wwwroot/dujitang/vendor/easyswoole/orm/src/Db/MysqlPool.php:21
Stack trace:
#0 /home/wwwroot/dujitang/vendor/easyswoole/pool/src/AbstractPool.php(272): EasySwoole\ORM\Db\MysqlPool->createObject()
#1 /home/wwwroot/dujitang/vendor/easyswoole/pool/src/AbstractPool.php(230): EasySwoole\Pool\AbstractPool->initObject()
#2 /home/wwwroot/dujitang/vendor/easyswoole/pool/src/AbstractPool.php(216): EasySwoole\Pool\AbstractPool->keepMin(5)
#3 {main}
  thrown in /home/wwwroot/dujitang/vendor/easyswoole/orm/src/Db/MysqlPool.php on line 21

Fatal error: Uncaught EasySwoole\ORM\Exception\Exception: SQLSTATE[HY000] [2002]  in /home/wwwroot/dujitang/vendor/easyswoole/orm/src/Db/MysqlPool.php:21
Stack trace:
#0 /home/wwwroot/dujitang/vendor/easyswoole/pool/src/AbstractPool.php(272): EasySwoole\ORM\Db\MysqlPool->createObject()
#1 /home/wwwroot/dujitang/vendor/easyswoole/pool/src/AbstractPool.php(230): EasySwoole\Pool\AbstractPool->initObject()
#2 /home/wwwroot/dujitang/vendor/easyswoole/pool/src/AbstractPool.php(216): EasySwoole\Pool\AbstractPool->keepMin(5)
#3 {main}
  thrown in /home/wwwroot/dujitang/vendor/easyswoole/orm/src/Db/MysqlPool.php on line 21
[41m[2020-06-15 14:30:19][DEBUG][ERROR] : [Uncaught EasySwoole\ORM\Exception\Exception: SQLSTATE[HY000] [2002] Connection timed out in /home/wwwroot/dujitang/vendor/easyswoole/orm/src/Db/MysqlPool.php:21
Stack trace:
#0 /home/wwwroot/dujitang/vendor/easyswoole/pool/src/AbstractPool.php(272): EasySwoole\ORM\Db\MysqlPool->createObject()
#1 /home/wwwroot/dujitang/vendor/easyswoole/pool/src/AbstractPool.php(230): EasySwoole\Pool\AbstractPool->initObject()
#2 /home/wwwroot/dujitang/vendor/easyswoole/pool/src/AbstractPool.php(216): EasySwoole\Pool\AbstractPool->keepMin(5)
#3 {main}
  thrown at file:/home/wwwroot/dujitang/vendor/easyswoole/orm/src/Db/MysqlPool.php line:21][0m
[41m[2020-06-15 14:30:19][DEBUG][ERROR] : [Uncaught EasySwoole\ORM\Exception\Exception: SQLSTATE[HY000] [2002]  in /home/wwwroot/dujitang/vendor/easyswoole/orm/src/Db/MysqlPool.php:21
Stack trace:
#0 /home/wwwroot/dujitang/vendor/easyswoole/pool/src/AbstractPool.php(272): EasySwoole\ORM\Db\MysqlPool->createObject()
#1 /home/wwwroot/dujitang/vendor/easyswoole/pool/src/AbstractPool.php(230): EasySwoole\Pool\AbstractPool->initObject()
#2 /home/wwwroot/dujitang/vendor/easyswoole/pool/src/AbstractPool.php(216): EasySwoole\Pool\AbstractPool->keepMin(5)
#3 {main}
  thrown at file:/home/wwwroot/dujitang/vendor/easyswoole/orm/src/Db/MysqlPool.php line:21][0m
[41m[2020-06-15 14:30:19][DEBUG][ERROR] : [Uncaught EasySwoole\ORM\Exception\Exception: SQLSTATE[HY000] [2002]  in /home/wwwroot/dujitang/vendor/easyswoole/orm/src/Db/MysqlPool.php:21
Stack trace:
#0 /home/wwwroot/dujitang/vendor/easyswoole/pool/src/AbstractPool.php(272): EasySwoole\ORM\Db\MysqlPool->createObject()
#1 /home/wwwroot/dujitang/vendor/easyswoole/pool/src/AbstractPool.php(230): EasySwoole\Pool\AbstractPool->initObject()
#2 /home/wwwroot/dujitang/vendor/easyswoole/pool/src/AbstractPool.php(216): EasySwoole\Pool\AbstractPool->keepMin(5)
#3 {main}
  thrown at file:/home/wwwroot/dujitang/vendor/easyswoole/orm/src/Db/MysqlPool.php line:21][0m
PHP Fatal error:  Uncaught EasySwoole\ORM\Exception\Exception: SQLSTATE[HY000] [2002]  in /home/wwwroot/dujitang/vendor/easyswoole/orm/src/Db/MysqlPool.php:21
Stack trace:
#0 /home/wwwroot/dujitang/vendor/easyswoole/pool/src/AbstractPool.php(272): EasySwoole\ORM\Db\MysqlPool->createObject()
#1 /home/wwwroot/dujitang/vendor/easyswoole/pool/src/AbstractPool.php(230): EasySwoole\Pool\AbstractPool->initObject()
#2 /home/wwwroot/dujitang/vendor/easyswoole/pool/src/AbstractPool.php(216): EasySwoole\Pool\AbstractPool->keepMin(5)
#3 {main}
  thrown in /home/wwwroot/dujitang/vendor/easyswoole/orm/src/Db/MysqlPool.php on line 21

Fatal error: Uncaught EasySwoole\ORM\Exception\Exception: SQLSTATE[HY000] [2002]  in /home/wwwroot/dujitang/vendor/easyswoole/orm/src/Db/MysqlPool.php:21
Stack trace:
#0 /home/wwwroot/dujitang/vendor/easyswoole/pool/src/AbstractPool.php(272): EasySwoole\ORM\Db\MysqlPool->createObject()
#1 /home/wwwroot/dujitang/vendor/easyswoole/pool/src/AbstractPool.php(230): EasySwoole\Pool\AbstractPool->initObject()
#2 /home/wwwroot/dujitang/vendor/easyswoole/pool/src/AbstractPool.php(216): EasySwoole\Pool\AbstractPool->keepMin(5)
#3 {main}
  thrown in /home/wwwroot/dujitang/vendor/easyswoole/orm/src/Db/MysqlPool.php on line 21
[2020-06-15 14:30:28 *6696.2]	ERROR	php_swoole_server_rshutdown (ERRNO 503): Fatal error: Uncaught EasySwoole\ORM\Exception\Exception: SQLSTATE[HY000] [2002]  in /home/wwwroot/dujitang/vendor/easyswoole/orm/src/Db/MysqlPool.php:21
Stack trace:
#0 /home/wwwroot/dujitang/vendor/easyswoole/pool/src/AbstractPool.php(272): EasySwoole\ORM\Db\MysqlPool->createObject()
#1 /home/wwwroot/dujitang/vendor/easyswoole/pool/src/AbstractPool.php(230): EasySwoole\Pool\AbstractPool->initObject()
#2 /home/wwwroot/dujitang/vendor/easyswoole/pool/src/AbstractPool.php(216): EasySwoole\Pool\AbstractPool->keepMin(5)
#3 {main}
  thrown in /home/wwwroot/dujitang/vendor/easyswoole/orm/src/Db/MysqlPool.php on line 21
[2020-06-15 14:30:28 *6700.6]	ERROR	php_swoole_server_rshutdown (ERRNO 503): Fatal error: Uncaught EasySwoole\ORM\Exception\Exception: SQLSTATE[HY000] [2002] Connection timed out in /home/wwwroot/dujitang/vendor/easyswoole/orm/src/Db/MysqlPool.php:21
Stack trace:
#0 /home/wwwroot/dujitang/vendor/easyswoole/pool/src/AbstractPool.php(272): EasySwoole\ORM\Db\MysqlPool->createObject()
#1 /home/wwwroot/dujitang/vendor/easyswoole/pool/src/AbstractPool.php(230): EasySwoole\Pool\AbstractPool->initObject()
#2 /home/wwwroot/dujitang/vendor/easyswoole/pool/src/AbstractPool.php(216): EasySwoole\Pool\AbstractPool->keepMin(5)
#3 {main}
  thrown in /home/wwwroot/dujitang/vendor/easyswoole/orm/src/Db/MysqlPool.php on line 21
[2020-06-15 14:30:28 *6697.3]	ERROR	php_swoole_server_rshutdown (ERRNO 503): Fatal error: Uncaught EasySwoole\ORM\Exception\Exception: SQLSTATE[HY000] [2002]  in /home/wwwroot/dujitang/vendor/easyswoole/orm/src/Db/MysqlPool.php:21
Stack trace:
#0 /home/wwwroot/dujitang/vendor/easyswoole/pool/src/AbstractPool.php(272): EasySwoole\ORM\Db\MysqlPool->createObject()
#1 /home/wwwroot/dujitang/vendor/easyswoole/pool/src/AbstractPool.php(230): EasySwoole\Pool\AbstractPool->initObject()
#2 /home/wwwroot/dujitang/vendor/easyswoole/pool/src/AbstractPool.php(216): EasySwoole\Pool\AbstractPool->keepMin(5)
#3 {main}
  thrown in /home/wwwroot/dujitang/vendor/easyswoole/orm/src/Db/MysqlPool.php on line 21
[41m[2020-06-15 14:30:45][DEBUG][ERROR] : [Uncaught EasySwoole\ORM\Exception\Exception: SQLSTATE[HY000] [2002]  in /home/wwwroot/dujitang/vendor/easyswoole/orm/src/Db/MysqlPool.php:21
Stack trace:
#0 /home/wwwroot/dujitang/vendor/easyswoole/pool/src/AbstractPool.php(272): EasySwoole\ORM\Db\MysqlPool->createObject()
#1 /home/wwwroot/dujitang/vendor/easyswoole/pool/src/AbstractPool.php(230): EasySwoole\Pool\AbstractPool->initObject()
#2 /home/wwwroot/dujitang/vendor/easyswoole/pool/src/AbstractPool.php(216): EasySwoole\Pool\AbstractPool->keepMin(5)
#3 {main}
  thrown at file:/home/wwwroot/dujitang/vendor/easyswoole/orm/src/Db/MysqlPool.php line:21][0m
[41m[2020-06-15 14:30:45][DEBUG][ERROR] : [Uncaught EasySwoole\ORM\Exception\Exception: SQLSTATE[HY000] [2002]  in /home/wwwroot/dujitang/vendor/easyswoole/orm/src/Db/MysqlPool.php:21
Stack trace:
#0 /home/wwwroot/dujitang/vendor/easyswoole/pool/src/AbstractPool.php(272): EasySwoole\ORM\Db\MysqlPool->createObject()
#1 /home/wwwroot/dujitang/vendor/easyswoole/pool/src/AbstractPool.php(230): EasySwoole\Pool\AbstractPool->initObject()
#2 /home/wwwroot/dujitang/vendor/easyswoole/pool/src/AbstractPool.php(216): EasySwoole\Pool\AbstractPool->keepMin(5)
#3 {main}
  thrown at file:/home/wwwroot/dujitang/vendor/easyswoole/orm/src/Db/MysqlPool.php line:21][0m
[41m[2020-06-15 14:30:49][DEBUG][ERROR] : [Uncaught EasySwoole\ORM\Exception\Exception: SQLSTATE[HY000] [2002]  in /home/wwwroot/dujitang/vendor/easyswoole/orm/src/Db/MysqlPool.php:21
Stack trace:
#0 /home/wwwroot/dujitang/vendor/easyswoole/pool/src/AbstractPool.php(272): EasySwoole\ORM\Db\MysqlPool->createObject()
#1 /home/wwwroot/dujitang/vendor/easyswoole/pool/src/AbstractPool.php(230): EasySwoole\Pool\AbstractPool->initObject()
#2 /home/wwwroot/dujitang/vendor/easyswoole/pool/src/AbstractPool.php(216): EasySwoole\Pool\AbstractPool->keepMin(5)
#3 {main}
  thrown at file:/home/wwwroot/dujitang/vendor/easyswoole/orm/src/Db/MysqlPool.php line:21][0m
[2020-06-15 14:30:49 *6694.0]	ERROR	php_swoole_server_rshutdown (ERRNO 503): Fatal error: Uncaught EasySwoole\ORM\Exception\Exception: SQLSTATE[HY000] [2002]  in /home/wwwroot/dujitang/vendor/easyswoole/orm/src/Db/MysqlPool.php:21
Stack trace:
#0 /home/wwwroot/dujitang/vendor/easyswoole/pool/src/AbstractPool.php(272): EasySwoole\ORM\Db\MysqlPool->createObject()
#1 /home/wwwroot/dujitang/vendor/easyswoole/pool/src/AbstractPool.php(230): EasySwoole\Pool\AbstractPool->initObject()
#2 /home/wwwroot/dujitang/vendor/easyswoole/pool/src/AbstractPool.php(216): EasySwoole\Pool\AbstractPool->keepMin(5)
#3 {main}
  thrown in /home/wwwroot/dujitang/vendor/easyswoole/orm/src/Db/MysqlPool.php on line 21
[2020-06-15 14:30:49 *6695.1]	ERROR	php_swoole_server_rshutdown (ERRNO 503): Fatal error: Uncaught EasySwoole\ORM\Exception\Exception: SQLSTATE[HY000] [2002]  in /home/wwwroot/dujitang/vendor/easyswoole/orm/src/Db/MysqlPool.php:21
Stack trace:
#0 /home/wwwroot/dujitang/vendor/easyswoole/pool/src/AbstractPool.php(272): EasySwoole\ORM\Db\MysqlPool->createObject()
#1 /home/wwwroot/dujitang/vendor/easyswoole/pool/src/AbstractPool.php(230): EasySwoole\Pool\AbstractPool->initObject()
#2 /home/wwwroot/dujitang/vendor/easyswoole/pool/src/AbstractPool.php(216): EasySwoole\Pool\AbstractPool->keepMin(5)
#3 {main}
  thrown in /home/wwwroot/dujitang/vendor/easyswoole/orm/src/Db/MysqlPool.php on line 21
[2020-06-15 14:31:00 *6698.4]	ERROR	php_swoole_server_rshutdown (ERRNO 503): Fatal error: Uncaught EasySwoole\ORM\Exception\Exception: SQLSTATE[HY000] [2002]  in /home/wwwroot/dujitang/vendor/easyswoole/orm/src/Db/MysqlPool.php:21
Stack trace:
#0 /home/wwwroot/dujitang/vendor/easyswoole/pool/src/AbstractPool.php(272): EasySwoole\ORM\Db\MysqlPool->createObject()
#1 /home/wwwroot/dujitang/vendor/easyswoole/pool/src/AbstractPool.php(230): EasySwoole\Pool\AbstractPool->initObject()
#2 /home/wwwroot/dujitang/vendor/easyswoole/pool/src/AbstractPool.php(216): EasySwoole\Pool\AbstractPool->keepMin(5)
#3 {main}
  thrown in /home/wwwroot/dujitang/vendor/easyswoole/orm/src/Db/MysqlPool.php on line 21
[2020-06-15 14:31:54 $6692.0]	WARNING	swManager_check_exit_status: worker#6[pid=6700] abnormal exit, status=255, signal=0
[2020-06-15 14:31:54 $6692.0]	WARNING	swManager_check_exit_status: worker#0[pid=6694] abnormal exit, status=255, signal=0
[2020-06-15 14:31:54 $6692.0]	WARNING	swManager_check_exit_status: worker#1[pid=6695] abnormal exit, status=255, signal=0
[2020-06-15 14:31:54 $6692.0]	WARNING	swManager_check_exit_status: worker#2[pid=6696] abnormal exit, status=255, signal=0
[2020-06-15 14:31:54 $6692.0]	WARNING	swManager_check_exit_status: worker#3[pid=6697] abnormal exit, status=255, signal=0
[2020-06-15 14:31:54 $6692.0]	WARNING	swManager_check_exit_status: worker#4[pid=6698] abnormal exit, status=255, signal=0
[2020-06-15 14:40:54 #6691.1]	INFO	Server is shutdown now
PHP Fatal error:  Uncaught EasySwoole\ORM\Exception\Exception: SQLSTATE[HY000] [2002] Connection refused in /home/wwwroot/dujitang/vendor/easyswoole/orm/src/Db/MysqlPool.php:22
Stack trace:
#0 /home/wwwroot/dujitang/vendor/easyswoole/pool/src/AbstractPool.php(295): EasySwoole\ORM\Db\MysqlPool->createObject()
#1 /home/wwwroot/dujitang/vendor/easyswoole/pool/src/AbstractPool.php(253): EasySwoole\Pool\AbstractPool->initObject()
#2 /home/wwwroot/dujitang/vendor/easyswoole/pool/src/AbstractPool.php(227): EasySwoole\Pool\AbstractPool->keepMin(5)
#3 {main}
  thrown in /home/wwwroot/dujitang/vendor/easyswoole/orm/src/Db/MysqlPool.php on line 22

Fatal error: Uncaught EasySwoole\ORM\Exception\Exception: SQLSTATE[HY000] [2002] Connection refused in /home/wwwroot/dujitang/vendor/easyswoole/orm/src/Db/MysqlPool.php:22
Stack trace:
#0 /home/wwwroot/dujitang/vendor/easyswoole/pool/src/AbstractPool.php(295): EasySwoole\ORM\Db\MysqlPool->createObject()
#1 /home/wwwroot/dujitang/vendor/easyswoole/pool/src/AbstractPool.php(253): EasySwoole\Pool\AbstractPool->initObject()
#2 /home/wwwroot/dujitang/vendor/easyswoole/pool/src/AbstractPool.php(227): EasySwoole\Pool\AbstractPool->keepMin(5)
#3 {main}
  thrown in /home/wwwroot/dujitang/vendor/easyswoole/orm/src/Db/MysqlPool.php on line 22
[2020-06-15 18:02:47][debug][error]:[Uncaught EasySwoole\ORM\Exception\Exception: SQLSTATE[HY000] [2002] Connection refused in /home/wwwroot/dujitang/vendor/easyswoole/orm/src/Db/MysqlPool.php:22
Stack trace:
#0 /home/wwwroot/dujitang/vendor/easyswoole/pool/src/AbstractPool.php(295): EasySwoole\ORM\Db\MysqlPool->createObject()
#1 /home/wwwroot/dujitang/vendor/easyswoole/pool/src/AbstractPool.php(253): EasySwoole\Pool\AbstractPool->initObject()
#2 /home/wwwroot/dujitang/vendor/easyswoole/pool/src/AbstractPool.php(227): EasySwoole\Pool\AbstractPool->keepMin(5)
#3 {main}
  thrown at file:/home/wwwroot/dujitang/vendor/easyswoole/orm/src/Db/MysqlPool.php line:22]
[2020-06-15 18:02:47 *12687.2]	ERROR	php_swoole_server_rshutdown (ERRNO 503): Fatal error: Uncaught EasySwoole\ORM\Exception\Exception: SQLSTATE[HY000] [2002] Connection refused in /home/wwwroot/dujitang/vendor/easyswoole/orm/src/Db/MysqlPool.php:22
Stack trace:
#0 /home/wwwroot/dujitang/vendor/easyswoole/pool/src/AbstractPool.php(295): EasySwoole\ORM\Db\MysqlPool->createObject()
#1 /home/wwwroot/dujitang/vendor/easyswoole/pool/src/AbstractPool.php(253): EasySwoole\Pool\AbstractPool->initObject()
#2 /home/wwwroot/dujitang/vendor/easyswoole/pool/src/AbstractPool.php(227): EasySwoole\Pool\AbstractPool->keepMin(5)
#3 {main}
  thrown in /home/wwwroot/dujitang/vendor/easyswoole/orm/src/Db/MysqlPool.php on line 22
[2020-06-15 18:02:47 $12683.0]	WARNING	swManager_check_exit_status: worker#2[pid=12687] abnormal exit, status=255, signal=0
[2020-06-16 02:12:12][debug][error]:[Class 'App\HttpController\Db' not found at file:/home/wwwroot/dujitang/App/HttpController/Test.php line:20]
[2020-06-16 02:12:12][debug][error]:[Class 'App\HttpController\Db' not found at file:/home/wwwroot/dujitang/App/HttpController/Test.php line:20]
[2020-06-16 02:12:12][debug][error]:[Class 'App\HttpController\Db' not found at file:/home/wwwroot/dujitang/App/HttpController/Test.php line:20]
[2020-06-16 02:12:38][debug][error]:[Class 'App\HttpController\Db' not found at file:/home/wwwroot/dujitang/App/HttpController/Test.php line:20]
PHP Fatal error:  Uncaught EasySwoole\ORM\Exception\Exception: SQLSTATE[HY000] [2002] Connection refused in /home/wwwroot/dujitang/vendor/easyswoole/orm/src/Db/MysqlPool.php:22
Stack trace:
#0 /home/wwwroot/dujitang/vendor/easyswoole/pool/src/AbstractPool.php(295): EasySwoole\ORM\Db\MysqlPool->createObject()
#1 /home/wwwroot/dujitang/vendor/easyswoole/pool/src/AbstractPool.php(253): EasySwoole\Pool\AbstractPool->initObject()
#2 /home/wwwroot/dujitang/vendor/easyswoole/pool/src/AbstractPool.php(227): EasySwoole\Pool\AbstractPool->keepMin(5)
#3 {main}
  thrown in /home/wwwroot/dujitang/vendor/easyswoole/orm/src/Db/MysqlPool.php on line 22

Fatal error: Uncaught EasySwoole\ORM\Exception\Exception: SQLSTATE[HY000] [2002] Connection refused in /home/wwwroot/dujitang/vendor/easyswoole/orm/src/Db/MysqlPool.php:22
Stack trace:
#0 /home/wwwroot/dujitang/vendor/easyswoole/pool/src/AbstractPool.php(295): EasySwoole\ORM\Db\MysqlPool->createObject()
#1 /home/wwwroot/dujitang/vendor/easyswoole/pool/src/AbstractPool.php(253): EasySwoole\Pool\AbstractPool->initObject()
#2 /home/wwwroot/dujitang/vendor/easyswoole/pool/src/AbstractPool.php(227): EasySwoole\Pool\AbstractPool->keepMin(5)
#3 {main}
  thrown in /home/wwwroot/dujitang/vendor/easyswoole/orm/src/Db/MysqlPool.php on line 22
[2020-06-16 11:20:08][debug][error]:[Uncaught EasySwoole\ORM\Exception\Exception: SQLSTATE[HY000] [2002] Connection refused in /home/wwwroot/dujitang/vendor/easyswoole/orm/src/Db/MysqlPool.php:22
Stack trace:
#0 /home/wwwroot/dujitang/vendor/easyswoole/pool/src/AbstractPool.php(295): EasySwoole\ORM\Db\MysqlPool->createObject()
#1 /home/wwwroot/dujitang/vendor/easyswoole/pool/src/AbstractPool.php(253): EasySwoole\Pool\AbstractPool->initObject()
#2 /home/wwwroot/dujitang/vendor/easyswoole/pool/src/AbstractPool.php(227): EasySwoole\Pool\AbstractPool->keepMin(5)
#3 {main}
  thrown at file:/home/wwwroot/dujitang/vendor/easyswoole/orm/src/Db/MysqlPool.php line:22]
[2020-06-16 11:20:08 *21190.2]	ERROR	php_swoole_server_rshutdown (ERRNO 503): Fatal error: Uncaught EasySwoole\ORM\Exception\Exception: SQLSTATE[HY000] [2002] Connection refused in /home/wwwroot/dujitang/vendor/easyswoole/orm/src/Db/MysqlPool.php:22
Stack trace:
#0 /home/wwwroot/dujitang/vendor/easyswoole/pool/src/AbstractPool.php(295): EasySwoole\ORM\Db\MysqlPool->createObject()
#1 /home/wwwroot/dujitang/vendor/easyswoole/pool/src/AbstractPool.php(253): EasySwoole\Pool\AbstractPool->initObject()
#2 /home/wwwroot/dujitang/vendor/easyswoole/pool/src/AbstractPool.php(227): EasySwoole\Pool\AbstractPool->keepMin(5)
#3 {main}
  thrown in /home/wwwroot/dujitang/vendor/easyswoole/orm/src/Db/MysqlPool.php on line 22
[2020-06-16 11:20:08 $12683.0]	WARNING	swManager_check_exit_status: worker#2[pid=21190] abnormal exit, status=255, signal=0
[2020-06-16 16:54:46 #12682.1]	INFO	Server is shutdown now
[2020-06-18 11:14:57][debug][error]:[Class 'App\HttpController\Db' not found at file:/home/wwwroot/dujitang/App/HttpController/Test.php line:20]
[2020-06-18 11:15:03][debug][error]:[Class 'App\HttpController\Db' not found at file:/home/wwwroot/dujitang/App/HttpController/Test.php line:20]
[2020-06-18 11:15:03][debug][error]:[Class 'App\HttpController\Db' not found at file:/home/wwwroot/dujitang/App/HttpController/Test.php line:20]
[2020-06-18 11:15:08][debug][error]:[Class 'App\HttpController\Db' not found at file:/home/wwwroot/dujitang/App/HttpController/Test.php line:20]
[2020-06-20 20:06:54][debug][error]:[Class 'App\HttpController\Db' not found at file:/home/wwwroot/dujitang/App/HttpController/Test.php line:20]
[2020-06-20 20:06:54][debug][error]:[Class 'App\HttpController\Db' not found at file:/home/wwwroot/dujitang/App/HttpController/Test.php line:20]
[2020-06-20 20:06:54][debug][error]:[Class 'App\HttpController\Db' not found at file:/home/wwwroot/dujitang/App/HttpController/Test.php line:20]
[2020-06-20 20:06:57][debug][error]:[Class 'App\HttpController\Db' not found at file:/home/wwwroot/dujitang/App/HttpController/Test.php line:20]
[2020-06-23 05:12:56][debug][error]:[Class 'App\HttpController\Db' not found at file:/home/wwwroot/dujitang/App/HttpController/Test.php line:20]
[2020-06-23 05:12:58][debug][error]:[Class 'App\HttpController\Db' not found at file:/home/wwwroot/dujitang/App/HttpController/Test.php line:20]
[2020-06-23 05:12:58][debug][error]:[Class 'App\HttpController\Db' not found at file:/home/wwwroot/dujitang/App/HttpController/Test.php line:20]
[2020-06-23 05:13:17][debug][error]:[Class 'App\HttpController\Db' not found at file:/home/wwwroot/dujitang/App/HttpController/Test.php line:20]
[2020-06-25 14:15:01][debug][error]:[Class 'App\HttpController\Db' not found at file:/home/wwwroot/dujitang/App/HttpController/Test.php line:20]
[2020-06-25 14:15:01][debug][error]:[Class 'App\HttpController\Db' not found at file:/home/wwwroot/dujitang/App/HttpController/Test.php line:20]
[2020-06-25 14:15:06][debug][error]:[Class 'App\HttpController\Db' not found at file:/home/wwwroot/dujitang/App/HttpController/Test.php line:20]
[2020-06-25 14:15:11][debug][error]:[Class 'App\HttpController\Db' not found at file:/home/wwwroot/dujitang/App/HttpController/Test.php line:20]
[2020-06-27 23:18:40][debug][error]:[Class 'App\HttpController\Db' not found at file:/home/wwwroot/dujitang/App/HttpController/Test.php line:20]
[2020-06-27 23:18:41][debug][error]:[Class 'App\HttpController\Db' not found at file:/home/wwwroot/dujitang/App/HttpController/Test.php line:20]
[2020-06-27 23:18:45][debug][error]:[Class 'App\HttpController\Db' not found at file:/home/wwwroot/dujitang/App/HttpController/Test.php line:20]
[2020-06-27 23:18:49][debug][error]:[Class 'App\HttpController\Db' not found at file:/home/wwwroot/dujitang/App/HttpController/Test.php line:20]
[2020-06-30 08:13:52][debug][error]:[Class 'App\HttpController\Db' not found at file:/home/wwwroot/dujitang/App/HttpController/Test.php line:20]
[2020-06-30 08:13:52][debug][error]:[Class 'App\HttpController\Db' not found at file:/home/wwwroot/dujitang/App/HttpController/Test.php line:20]
[2020-06-30 08:13:52][debug][error]:[Class 'App\HttpController\Db' not found at file:/home/wwwroot/dujitang/App/HttpController/Test.php line:20]
[2020-06-30 08:13:58][debug][error]:[Class 'App\HttpController\Db' not found at file:/home/wwwroot/dujitang/App/HttpController/Test.php line:20]
[2020-07-02 17:09:24][debug][error]:[Class 'App\HttpController\Db' not found at file:/home/wwwroot/dujitang/App/HttpController/Test.php line:20]
[2020-07-02 17:09:26][debug][error]:[Class 'App\HttpController\Db' not found at file:/home/wwwroot/dujitang/App/HttpController/Test.php line:20]
[2020-07-02 17:09:26][debug][error]:[Class 'App\HttpController\Db' not found at file:/home/wwwroot/dujitang/App/HttpController/Test.php line:20]
[2020-07-02 17:09:40][debug][error]:[Class 'App\HttpController\Db' not found at file:/home/wwwroot/dujitang/App/HttpController/Test.php line:20]
[2020-07-05 02:13:12][debug][error]:[Class 'App\HttpController\Db' not found at file:/home/wwwroot/dujitang/App/HttpController/Test.php line:20]
[2020-07-05 02:13:13][debug][error]:[Class 'App\HttpController\Db' not found at file:/home/wwwroot/dujitang/App/HttpController/Test.php line:20]
[2020-07-05 02:13:13][debug][error]:[Class 'App\HttpController\Db' not found at file:/home/wwwroot/dujitang/App/HttpController/Test.php line:20]
[2020-07-07 11:12:06][debug][error]:[Class 'App\HttpController\Db' not found at file:/home/wwwroot/dujitang/App/HttpController/Test.php line:20]
[2020-07-07 11:12:08][debug][error]:[Class 'App\HttpController\Db' not found at file:/home/wwwroot/dujitang/App/HttpController/Test.php line:20]
[2020-07-07 11:12:08][debug][error]:[Class 'App\HttpController\Db' not found at file:/home/wwwroot/dujitang/App/HttpController/Test.php line:20]
[2020-07-07 11:12:21][debug][error]:[Class 'App\HttpController\Db' not found at file:/home/wwwroot/dujitang/App/HttpController/Test.php line:20]
[2020-07-09 20:10:33][debug][error]:[Class 'App\HttpController\Db' not found at file:/home/wwwroot/dujitang/App/HttpController/Test.php line:20]
[2020-07-09 20:10:33][debug][error]:[Class 'App\HttpController\Db' not found at file:/home/wwwroot/dujitang/App/HttpController/Test.php line:20]
[2020-07-09 20:10:33][debug][error]:[Class 'App\HttpController\Db' not found at file:/home/wwwroot/dujitang/App/HttpController/Test.php line:20]
[2020-07-09 20:10:54][debug][error]:[Class 'App\HttpController\Db' not found at file:/home/wwwroot/dujitang/App/HttpController/Test.php line:20]
[2020-07-12 05:11:35][debug][error]:[Class 'App\HttpController\Db' not found at file:/home/wwwroot/dujitang/App/HttpController/Test.php line:20]
[2020-07-12 05:11:36][debug][error]:[Class 'App\HttpController\Db' not found at file:/home/wwwroot/dujitang/App/HttpController/Test.php line:20]
[2020-07-12 05:11:37][debug][error]:[Class 'App\HttpController\Db' not found at file:/home/wwwroot/dujitang/App/HttpController/Test.php line:20]
[2020-07-12 05:11:49][debug][error]:[Class 'App\HttpController\Db' not found at file:/home/wwwroot/dujitang/App/HttpController/Test.php line:20]
PHP Fatal error:  Uncaught EasySwoole\Redis\Exception\RedisException: Connection timed out in /home/wwwroot/dujitang/vendor/easyswoole/redis/src/Redis.php:2904
Stack trace:
#0 /home/wwwroot/dujitang/vendor/easyswoole/redis/src/Redis.php(270): EasySwoole\Redis\Redis->recv()
#1 /home/wwwroot/dujitang/vendor/easyswoole/redis/src/Redis.php(220): EasySwoole\Redis\Redis->auth('Wangsongqing123...')
#2 /home/wwwroot/dujitang/vendor/easyswoole/redis-pool/src/RedisPool.php(29): EasySwoole\Redis\Redis->connect(3)
#3 [internal function]: EasySwoole\RedisPool\RedisPool->EasySwoole\RedisPool\{closure}(Object(EasySwoole\RedisPool\PoolConfig))
#4 /home/wwwroot/dujitang/vendor/easyswoole/pool/src/MagicPool.php(21): call_user_func(Object(Closure), Object(EasySwoole\RedisPool\PoolConfig))
#5 /home/wwwroot/dujitang/vendor/easyswoole/pool/src/AbstractPool.php(295): EasySwoole\Pool\MagicPool->createObject()
#6 /home/wwwroot/dujitang/vendor/easyswoole/pool/src/AbstractPool.php(253): EasySwoole\Pool\AbstractPool->initObject()
#7 /home/wwwroot/dujitan in /home/wwwroot/dujitang/vendor/easyswoole/redis/src/Redis.php on line 2904

Fatal error: Uncaught EasySwoole\Redis\Exception\RedisException: Connection timed out in /home/wwwroot/dujitang/vendor/easyswoole/redis/src/Redis.php:2904
Stack trace:
#0 /home/wwwroot/dujitang/vendor/easyswoole/redis/src/Redis.php(270): EasySwoole\Redis\Redis->recv()
#1 /home/wwwroot/dujitang/vendor/easyswoole/redis/src/Redis.php(220): EasySwoole\Redis\Redis->auth('Wangsongqing123...')
#2 /home/wwwroot/dujitang/vendor/easyswoole/redis-pool/src/RedisPool.php(29): EasySwoole\Redis\Redis->connect(3)
#3 [internal function]: EasySwoole\RedisPool\RedisPool->EasySwoole\RedisPool\{closure}(Object(EasySwoole\RedisPool\PoolConfig))
#4 /home/wwwroot/dujitang/vendor/easyswoole/pool/src/MagicPool.php(21): call_user_func(Object(Closure), Object(EasySwoole\RedisPool\PoolConfig))
#5 /home/wwwroot/dujitang/vendor/easyswoole/pool/src/AbstractPool.php(295): EasySwoole\Pool\MagicPool->createObject()
#6 /home/wwwroot/dujitang/vendor/easyswoole/pool/src/AbstractPool.php(253): EasySwoole\Pool\AbstractPool->initObject()
#7 /home/wwwroot/dujitan in /home/wwwroot/dujitang/vendor/easyswoole/redis/src/Redis.php on line 2904
PHP Fatal error:  Uncaught EasySwoole\ORM\Exception\Exception: SQLSTATE[HY000] [2002]  in /home/wwwroot/dujitang/vendor/easyswoole/orm/src/Db/MysqlPool.php:22
Stack trace:
#0 /home/wwwroot/dujitang/vendor/easyswoole/pool/src/AbstractPool.php(295): EasySwoole\ORM\Db\MysqlPool->createObject()
#1 /home/wwwroot/dujitang/vendor/easyswoole/pool/src/AbstractPool.php(253): EasySwoole\Pool\AbstractPool->initObject()
#2 /home/wwwroot/dujitang/vendor/easyswoole/pool/src/AbstractPool.php(227): EasySwoole\Pool\AbstractPool->keepMin(5)
#3 {main}
  thrown in /home/wwwroot/dujitang/vendor/easyswoole/orm/src/Db/MysqlPool.php on line 22

Fatal error: Uncaught EasySwoole\ORM\Exception\Exception: SQLSTATE[HY000] [2002]  in /home/wwwroot/dujitang/vendor/easyswoole/orm/src/Db/MysqlPool.php:22
Stack trace:
#0 /home/wwwroot/dujitang/vendor/easyswoole/pool/src/AbstractPool.php(295): EasySwoole\ORM\Db\MysqlPool->createObject()
#1 /home/wwwroot/dujitang/vendor/easyswoole/pool/src/AbstractPool.php(253): EasySwoole\Pool\AbstractPool->initObject()
#2 /home/wwwroot/dujitang/vendor/easyswoole/pool/src/AbstractPool.php(227): EasySwoole\Pool\AbstractPool->keepMin(5)
#3 {main}
  thrown in /home/wwwroot/dujitang/vendor/easyswoole/orm/src/Db/MysqlPool.php on line 22
[2020-07-12 14:44:51][debug][error]:[Uncaught EasySwoole\Redis\Exception\RedisException: Connection timed out in /home/wwwroot/dujitang/vendor/easyswoole/redis/src/Redis.php:2904
Stack trace:
#0 /home/wwwroot/dujitang/vendor/easyswoole/redis/src/Redis.php(270): EasySwoole\Redis\Redis->recv()
#1 /home/wwwroot/dujitang/vendor/easyswoole/redis/src/Redis.php(220): EasySwoole\Redis\Redis->auth('Wangsongqing123...')
#2 /home/wwwroot/dujitang/vendor/easyswoole/redis-pool/src/RedisPool.php(29): EasySwoole\Redis\Redis->connect(3)
#3 [internal function]: EasySwoole\RedisPool\RedisPool->EasySwoole\RedisPool\{closure}(Object(EasySwoole\RedisPool\PoolConfig))
#4 /home/wwwroot/dujitang/vendor/easyswoole/pool/src/MagicPool.php(21): call_user_func(Object(Closure), Object(EasySwoole\RedisPool\PoolConfig))
#5 /home/wwwroot/dujitang/vendor/easyswoole/pool/src/AbstractPool.php(295): EasySwoole\Pool\MagicPool->createObject()
#6 /home/wwwroot/dujitang/vendor/easyswoole/pool/src/AbstractPool.php(253): EasySwoole\Pool\AbstractPool->initObject()
#7 /home/wwwroot/dujitan at file:/home/wwwroot/dujitang/vendor/easyswoole/redis/src/Redis.php line:2904]
[2020-07-12 14:44:56][debug][error]:[Uncaught EasySwoole\ORM\Exception\Exception: SQLSTATE[HY000] [2002]  in /home/wwwroot/dujitang/vendor/easyswoole/orm/src/Db/MysqlPool.php:22
Stack trace:
#0 /home/wwwroot/dujitang/vendor/easyswoole/pool/src/AbstractPool.php(295): EasySwoole\ORM\Db\MysqlPool->createObject()
#1 /home/wwwroot/dujitang/vendor/easyswoole/pool/src/AbstractPool.php(253): EasySwoole\Pool\AbstractPool->initObject()
#2 /home/wwwroot/dujitang/vendor/easyswoole/pool/src/AbstractPool.php(227): EasySwoole\Pool\AbstractPool->keepMin(5)
#3 {main}
  thrown at file:/home/wwwroot/dujitang/vendor/easyswoole/orm/src/Db/MysqlPool.php line:22]
[2020-07-12 14:44:55 *2458.2]	ERROR	php_swoole_server_rshutdown (ERRNO 503): Fatal error: Uncaught EasySwoole\Redis\Exception\RedisException: Connection timed out in /home/wwwroot/dujitang/vendor/easyswoole/redis/src/Redis.php:2904
Stack trace:
#0 /home/wwwroot/dujitang/vendor/easyswoole/redis/src/Redis.php(270): EasySwoole\Redis\Redis->recv()
#1 /home/wwwroot/dujitang/vendor/easyswoole/redis/src/Redis.php(220): EasySwoole\Redis\Redis->auth('Wangsongqing123...')
#2 /home/wwwroot/dujitang/vendor/easyswoole/redis-pool/src/RedisPool.php(29): EasySwoole\Redis\Redis->connect(3)
#3 [internal function]: EasySwoole\RedisPool\RedisPool->EasySwoole\RedisPool\{closure}(Object(EasySwoole\RedisPool\PoolConfig))
#4 /home/wwwroot/dujitang/vendor/easyswoole/pool/src/MagicPool.php(21): call_user_func(Object(Closure), Object(EasySwoole\RedisPool\PoolConfig))
#5 /home/wwwroot/dujitang/vendor/easyswoole/pool/src/AbstractPool.php(295): EasySwoole\Pool\MagicPool->createObject()
#6 /home/wwwroot/dujitang/vendor/easyswoole/pool/src/AbstractPool.php(253): EasySwoole\Pool\AbstractPool->initObject()
#7 /home/wwwroot/dujitan in /home/wwwroot/dujitang/vendor/easyswoole/redis/src/Redis.php on line 2904
[2020-07-12 14:44:59 *2459.3]	ERROR	php_swoole_server_rshutdown (ERRNO 503): Fatal error: Uncaught EasySwoole\ORM\Exception\Exception: SQLSTATE[HY000] [2002]  in /home/wwwroot/dujitang/vendor/easyswoole/orm/src/Db/MysqlPool.php:22
Stack trace:
#0 /home/wwwroot/dujitang/vendor/easyswoole/pool/src/AbstractPool.php(295): EasySwoole\ORM\Db\MysqlPool->createObject()
#1 /home/wwwroot/dujitang/vendor/easyswoole/pool/src/AbstractPool.php(253): EasySwoole\Pool\AbstractPool->initObject()
#2 /home/wwwroot/dujitang/vendor/easyswoole/pool/src/AbstractPool.php(227): EasySwoole\Pool\AbstractPool->keepMin(5)
#3 {main}
  thrown in /home/wwwroot/dujitang/vendor/easyswoole/orm/src/Db/MysqlPool.php on line 22
[2020-07-12 14:45:00 $2454.0]	WARNING	swManager_check_exit_status: worker#2[pid=2458] abnormal exit, status=255, signal=0
[2020-07-12 14:45:00 $2454.0]	WARNING	swManager_check_exit_status: worker#3[pid=2459] abnormal exit, status=255, signal=0
[2020-07-16 23:10:03][debug][error]:[Class 'App\HttpController\Db' not found at file:/home/wwwroot/dujitang/App/HttpController/Test.php line:20]
[2020-07-16 23:10:05][debug][error]:[Class 'App\HttpController\Db' not found at file:/home/wwwroot/dujitang/App/HttpController/Test.php line:20]
[2020-07-16 23:10:05][debug][error]:[Class 'App\HttpController\Db' not found at file:/home/wwwroot/dujitang/App/HttpController/Test.php line:20]
[2020-08-15 23:14:24][debug][error]:[Class 'App\HttpController\Db' not found at file:/home/wwwroot/dujitang/App/HttpController/Test.php line:20]
[2020-08-15 23:14:25][debug][error]:[Class 'App\HttpController\Db' not found at file:/home/wwwroot/dujitang/App/HttpController/Test.php line:20]
[2020-08-15 23:14:25][debug][error]:[Class 'App\HttpController\Db' not found at file:/home/wwwroot/dujitang/App/HttpController/Test.php line:20]
[2020-08-15 23:14:32][debug][error]:[Class 'App\HttpController\Db' not found at file:/home/wwwroot/dujitang/App/HttpController/Test.php line:20]
[2020-09-18 18:12:29][debug][error]:[Class 'App\HttpController\Db' not found at file:/home/wwwroot/dujitang/App/HttpController/Test.php line:20]
[2020-09-18 18:12:31][debug][error]:[Class 'App\HttpController\Db' not found at file:/home/wwwroot/dujitang/App/HttpController/Test.php line:20]
[2020-09-18 18:12:33][debug][error]:[Class 'App\HttpController\Db' not found at file:/home/wwwroot/dujitang/App/HttpController/Test.php line:20]
[2020-09-18 18:13:09][debug][error]:[Class 'App\HttpController\Db' not found at file:/home/wwwroot/dujitang/App/HttpController/Test.php line:20]
[2020-09-21 01:09:16][debug][error]:[Class 'App\HttpController\Db' not found at file:/home/wwwroot/dujitang/App/HttpController/Test.php line:20]
[2020-09-21 01:09:17][debug][error]:[Class 'App\HttpController\Db' not found at file:/home/wwwroot/dujitang/App/HttpController/Test.php line:20]
[2020-09-21 01:09:18][debug][error]:[Class 'App\HttpController\Db' not found at file:/home/wwwroot/dujitang/App/HttpController/Test.php line:20]
[2020-09-21 01:09:28][debug][error]:[Class 'App\HttpController\Db' not found at file:/home/wwwroot/dujitang/App/HttpController/Test.php line:20]
[2020-09-23 10:09:59][debug][error]:[Class 'App\HttpController\Db' not found at file:/home/wwwroot/dujitang/App/HttpController/Test.php line:20]
[2020-09-23 10:10:00][debug][error]:[Class 'App\HttpController\Db' not found at file:/home/wwwroot/dujitang/App/HttpController/Test.php line:20]
[2020-09-23 10:10:02][debug][error]:[Class 'App\HttpController\Db' not found at file:/home/wwwroot/dujitang/App/HttpController/Test.php line:20]
[2020-09-23 10:10:19][debug][error]:[Class 'App\HttpController\Db' not found at file:/home/wwwroot/dujitang/App/HttpController/Test.php line:20]
[2020-09-25 19:08:44][debug][error]:[Class 'App\HttpController\Db' not found at file:/home/wwwroot/dujitang/App/HttpController/Test.php line:20]
[2020-09-25 19:08:45][debug][error]:[Class 'App\HttpController\Db' not found at file:/home/wwwroot/dujitang/App/HttpController/Test.php line:20]
[2020-09-25 19:08:47][debug][error]:[Class 'App\HttpController\Db' not found at file:/home/wwwroot/dujitang/App/HttpController/Test.php line:20]
[2020-09-25 19:09:04][debug][error]:[Class 'App\HttpController\Db' not found at file:/home/wwwroot/dujitang/App/HttpController/Test.php line:20]
[2020-10-03 01:08:00][debug][error]:[Class 'App\HttpController\Db' not found at file:/home/wwwroot/dujitang/App/HttpController/Test.php line:20]
[2020-10-03 01:08:00][debug][error]:[Class 'App\HttpController\Db' not found at file:/home/wwwroot/dujitang/App/HttpController/Test.php line:20]
[2020-10-03 01:08:01][debug][error]:[Class 'App\HttpController\Db' not found at file:/home/wwwroot/dujitang/App/HttpController/Test.php line:20]
[2020-10-03 01:08:26][debug][error]:[Class 'App\HttpController\Db' not found at file:/home/wwwroot/dujitang/App/HttpController/Test.php line:20]
[2020-10-10 04:12:34][debug][error]:[Class 'App\HttpController\Db' not found at file:/home/wwwroot/dujitang/App/HttpController/Test.php line:20]
[2020-10-10 04:12:34][debug][error]:[Class 'App\HttpController\Db' not found at file:/home/wwwroot/dujitang/App/HttpController/Test.php line:20]
[2020-10-10 04:12:35][debug][error]:[Class 'App\HttpController\Db' not found at file:/home/wwwroot/dujitang/App/HttpController/Test.php line:20]
[2020-10-10 04:13:10][debug][error]:[Class 'App\HttpController\Db' not found at file:/home/wwwroot/dujitang/App/HttpController/Test.php line:20]
[2020-10-12 13:08:29][debug][error]:[Class 'App\HttpController\Db' not found at file:/home/wwwroot/dujitang/App/HttpController/Test.php line:20]
[2020-10-12 13:08:30][debug][error]:[Class 'App\HttpController\Db' not found at file:/home/wwwroot/dujitang/App/HttpController/Test.php line:20]
[2020-10-12 13:08:31][debug][error]:[Class 'App\HttpController\Db' not found at file:/home/wwwroot/dujitang/App/HttpController/Test.php line:20]
[2020-10-12 13:08:54][debug][error]:[Class 'App\HttpController\Db' not found at file:/home/wwwroot/dujitang/App/HttpController/Test.php line:20]
[2020-10-17 07:10:09][debug][error]:[Class 'App\HttpController\Db' not found at file:/home/wwwroot/dujitang/App/HttpController/Test.php line:20]
[2020-10-17 07:10:11][debug][error]:[Class 'App\HttpController\Db' not found at file:/home/wwwroot/dujitang/App/HttpController/Test.php line:20]
[2020-10-17 07:10:15][debug][error]:[Class 'App\HttpController\Db' not found at file:/home/wwwroot/dujitang/App/HttpController/Test.php line:20]
[2020-10-17 07:10:27][debug][error]:[Class 'App\HttpController\Db' not found at file:/home/wwwroot/dujitang/App/HttpController/Test.php line:20]
[2020-10-22 03:12:41][debug][error]:[Class 'App\HttpController\Db' not found at file:/home/wwwroot/dujitang/App/HttpController/Test.php line:20]
[2020-10-22 03:12:43][debug][error]:[Class 'App\HttpController\Db' not found at file:/home/wwwroot/dujitang/App/HttpController/Test.php line:20]
[2020-10-22 03:12:43][debug][error]:[Class 'App\HttpController\Db' not found at file:/home/wwwroot/dujitang/App/HttpController/Test.php line:20]
[2020-10-24 12:09:51][debug][error]:[Class 'App\HttpController\Db' not found at file:/home/wwwroot/dujitang/App/HttpController/Test.php line:20]
[2020-10-24 12:10:25][debug][error]:[Class 'App\HttpController\Db' not found at file:/home/wwwroot/dujitang/App/HttpController/Test.php line:20]
[2020-10-26 21:09:25][debug][error]:[Class 'App\HttpController\Db' not found at file:/home/wwwroot/dujitang/App/HttpController/Test.php line:20]
[2020-10-26 21:09:26][debug][error]:[Class 'App\HttpController\Db' not found at file:/home/wwwroot/dujitang/App/HttpController/Test.php line:20]
[2020-10-26 21:09:27][debug][error]:[Class 'App\HttpController\Db' not found at file:/home/wwwroot/dujitang/App/HttpController/Test.php line:20]
[2020-10-26 21:09:42][debug][error]:[Class 'App\HttpController\Db' not found at file:/home/wwwroot/dujitang/App/HttpController/Test.php line:20]
[2020-10-29 06:09:20][debug][error]:[Class 'App\HttpController\Db' not found at file:/home/wwwroot/dujitang/App/HttpController/Test.php line:20]
[2020-10-29 06:09:20][debug][error]:[Class 'App\HttpController\Db' not found at file:/home/wwwroot/dujitang/App/HttpController/Test.php line:20]
[2020-10-29 06:09:22][debug][error]:[Class 'App\HttpController\Db' not found at file:/home/wwwroot/dujitang/App/HttpController/Test.php line:20]
[2020-10-29 06:09:44][debug][error]:[Class 'App\HttpController\Db' not found at file:/home/wwwroot/dujitang/App/HttpController/Test.php line:20]
[2020-11-03 00:07:42][debug][error]:[Class 'App\HttpController\Db' not found at file:/home/wwwroot/dujitang/App/HttpController/Test.php line:20]
[2020-11-03 00:07:48][debug][error]:[Class 'App\HttpController\Db' not found at file:/home/wwwroot/dujitang/App/HttpController/Test.php line:20]
[2020-11-03 00:08:00][debug][error]:[Class 'App\HttpController\Db' not found at file:/home/wwwroot/dujitang/App/HttpController/Test.php line:20]
[2020-11-05 09:08:04][debug][error]:[Class 'App\HttpController\Db' not found at file:/home/wwwroot/dujitang/App/HttpController/Test.php line:20]
[2020-11-05 09:08:08][debug][error]:[Class 'App\HttpController\Db' not found at file:/home/wwwroot/dujitang/App/HttpController/Test.php line:20]
[2020-11-05 09:08:10][debug][error]:[Class 'App\HttpController\Db' not found at file:/home/wwwroot/dujitang/App/HttpController/Test.php line:20]
[2020-11-05 09:08:49][debug][error]:[Class 'App\HttpController\Db' not found at file:/home/wwwroot/dujitang/App/HttpController/Test.php line:20]
[2020-11-07 20:56:03][debug][error]:[Class 'App\HttpController\Db' not found at file:/home/wwwroot/dujitang/App/HttpController/Test.php line:20]
[2020-11-07 20:56:05][debug][error]:[Class 'App\HttpController\Db' not found at file:/home/wwwroot/dujitang/App/HttpController/Test.php line:20]
[2020-11-07 20:56:13][debug][error]:[Class 'App\HttpController\Db' not found at file:/home/wwwroot/dujitang/App/HttpController/Test.php line:20]
[2020-11-10 03:14:09][debug][error]:[Class 'App\HttpController\Db' not found at file:/home/wwwroot/dujitang/App/HttpController/Test.php line:20]
[2020-11-10 03:14:11][debug][error]:[Class 'App\HttpController\Db' not found at file:/home/wwwroot/dujitang/App/HttpController/Test.php line:20]
[2020-11-10 03:14:12][debug][error]:[Class 'App\HttpController\Db' not found at file:/home/wwwroot/dujitang/App/HttpController/Test.php line:20]
[2020-11-10 03:14:25][debug][error]:[Class 'App\HttpController\Db' not found at file:/home/wwwroot/dujitang/App/HttpController/Test.php line:20]
[2020-11-12 12:12:33][debug][error]:[Class 'App\HttpController\Db' not found at file:/home/wwwroot/dujitang/App/HttpController/Test.php line:20]
[2020-11-12 12:12:33][debug][error]:[Class 'App\HttpController\Db' not found at file:/home/wwwroot/dujitang/App/HttpController/Test.php line:20]
[2020-11-12 12:12:33][debug][error]:[Class 'App\HttpController\Db' not found at file:/home/wwwroot/dujitang/App/HttpController/Test.php line:20]
[2020-11-12 12:12:52][debug][error]:[Class 'App\HttpController\Db' not found at file:/home/wwwroot/dujitang/App/HttpController/Test.php line:20]
[2020-11-14 21:11:29][debug][error]:[Class 'App\HttpController\Db' not found at file:/home/wwwroot/dujitang/App/HttpController/Test.php line:20]
[2020-11-14 21:11:29][debug][error]:[Class 'App\HttpController\Db' not found at file:/home/wwwroot/dujitang/App/HttpController/Test.php line:20]
[2020-11-14 21:11:42][debug][error]:[Class 'App\HttpController\Db' not found at file:/home/wwwroot/dujitang/App/HttpController/Test.php line:20]
[2020-11-17 06:14:32][debug][error]:[Class 'App\HttpController\Db' not found at file:/home/wwwroot/dujitang/App/HttpController/Test.php line:20]
[2020-11-17 06:14:36][debug][error]:[Class 'App\HttpController\Db' not found at file:/home/wwwroot/dujitang/App/HttpController/Test.php line:20]
[2020-11-17 06:14:41][debug][error]:[Class 'App\HttpController\Db' not found at file:/home/wwwroot/dujitang/App/HttpController/Test.php line:20]
[2020-11-17 06:14:59][debug][error]:[Class 'App\HttpController\Db' not found at file:/home/wwwroot/dujitang/App/HttpController/Test.php line:20]
[2020-11-22 00:10:06][debug][error]:[Class 'App\HttpController\Db' not found at file:/home/wwwroot/dujitang/App/HttpController/Test.php line:20]
[2020-11-22 00:10:07][debug][error]:[Class 'App\HttpController\Db' not found at file:/home/wwwroot/dujitang/App/HttpController/Test.php line:20]
[2020-11-22 00:10:13][debug][error]:[Class 'App\HttpController\Db' not found at file:/home/wwwroot/dujitang/App/HttpController/Test.php line:20]
[2020-11-22 00:10:25][debug][error]:[Class 'App\HttpController\Db' not found at file:/home/wwwroot/dujitang/App/HttpController/Test.php line:20]
[2020-11-29 03:12:16][debug][error]:[Class 'App\HttpController\Db' not found at file:/home/wwwroot/dujitang/App/HttpController/Test.php line:20]
[2020-11-29 03:12:17][debug][error]:[Class 'App\HttpController\Db' not found at file:/home/wwwroot/dujitang/App/HttpController/Test.php line:20]
[2020-11-29 03:12:19][debug][error]:[Class 'App\HttpController\Db' not found at file:/home/wwwroot/dujitang/App/HttpController/Test.php line:20]
[2020-11-29 03:12:28][debug][error]:[Class 'App\HttpController\Db' not found at file:/home/wwwroot/dujitang/App/HttpController/Test.php line:20]
[2020-12-01 12:10:10][debug][error]:[Class 'App\HttpController\Db' not found at file:/home/wwwroot/dujitang/App/HttpController/Test.php line:20]
[2020-12-01 12:10:12][debug][error]:[Class 'App\HttpController\Db' not found at file:/home/wwwroot/dujitang/App/HttpController/Test.php line:20]
[2020-12-01 12:10:13][debug][error]:[Class 'App\HttpController\Db' not found at file:/home/wwwroot/dujitang/App/HttpController/Test.php line:20]
[2020-12-01 12:10:21][debug][error]:[Class 'App\HttpController\Db' not found at file:/home/wwwroot/dujitang/App/HttpController/Test.php line:20]
[2020-12-05 15:07:09][debug][error]:[Class 'App\HttpController\Db' not found at file:/home/wwwroot/dujitang/App/HttpController/Test.php line:20]
[2020-12-05 15:07:10][debug][error]:[Class 'App\HttpController\Db' not found at file:/home/wwwroot/dujitang/App/HttpController/Test.php line:20]
[2020-12-05 15:07:12][debug][error]:[Class 'App\HttpController\Db' not found at file:/home/wwwroot/dujitang/App/HttpController/Test.php line:20]
[2020-12-05 15:07:28][debug][error]:[Class 'App\HttpController\Db' not found at file:/home/wwwroot/dujitang/App/HttpController/Test.php line:20]
[2020-12-08 02:09:16][debug][error]:[Class 'App\HttpController\Db' not found at file:/home/wwwroot/dujitang/App/HttpController/Test.php line:20]
[2020-12-08 02:09:19][debug][error]:[Class 'App\HttpController\Db' not found at file:/home/wwwroot/dujitang/App/HttpController/Test.php line:20]
[2020-12-08 02:09:20][debug][error]:[Class 'App\HttpController\Db' not found at file:/home/wwwroot/dujitang/App/HttpController/Test.php line:20]
[2020-12-08 02:09:45][debug][error]:[Class 'App\HttpController\Db' not found at file:/home/wwwroot/dujitang/App/HttpController/Test.php line:20]
[2020-12-10 09:09:16][debug][error]:[Class 'App\HttpController\Db' not found at file:/home/wwwroot/dujitang/App/HttpController/Test.php line:20]
[2020-12-10 09:09:18][debug][error]:[Class 'App\HttpController\Db' not found at file:/home/wwwroot/dujitang/App/HttpController/Test.php line:20]
[2020-12-10 09:09:21][debug][error]:[Class 'App\HttpController\Db' not found at file:/home/wwwroot/dujitang/App/HttpController/Test.php line:20]
[2020-12-10 09:09:40][debug][error]:[Class 'App\HttpController\Db' not found at file:/home/wwwroot/dujitang/App/HttpController/Test.php line:20]
[2020-12-12 19:09:51][debug][error]:[Class 'App\HttpController\Db' not found at file:/home/wwwroot/dujitang/App/HttpController/Test.php line:20]
[2020-12-12 19:09:52][debug][error]:[Class 'App\HttpController\Db' not found at file:/home/wwwroot/dujitang/App/HttpController/Test.php line:20]
[2020-12-12 19:09:52][debug][error]:[Class 'App\HttpController\Db' not found at file:/home/wwwroot/dujitang/App/HttpController/Test.php line:20]
[2020-12-12 19:10:11][debug][error]:[Class 'App\HttpController\Db' not found at file:/home/wwwroot/dujitang/App/HttpController/Test.php line:20]
[2020-12-15 04:08:14][debug][error]:[Class 'App\HttpController\Db' not found at file:/home/wwwroot/dujitang/App/HttpController/Test.php line:20]
[2020-12-15 04:08:16][debug][error]:[Class 'App\HttpController\Db' not found at file:/home/wwwroot/dujitang/App/HttpController/Test.php line:20]
[2020-12-15 04:08:17][debug][error]:[Class 'App\HttpController\Db' not found at file:/home/wwwroot/dujitang/App/HttpController/Test.php line:20]
[2020-12-15 04:08:35][debug][error]:[Class 'App\HttpController\Db' not found at file:/home/wwwroot/dujitang/App/HttpController/Test.php line:20]
[2020-12-31 13:08:01][debug][error]:[Class 'App\HttpController\Db' not found at file:/home/wwwroot/dujitang/App/HttpController/Test.php line:20]
[2020-12-31 13:08:02][debug][error]:[Class 'App\HttpController\Db' not found at file:/home/wwwroot/dujitang/App/HttpController/Test.php line:20]
[2020-12-31 13:08:02][debug][error]:[Class 'App\HttpController\Db' not found at file:/home/wwwroot/dujitang/App/HttpController/Test.php line:20]
[2020-12-31 13:08:10][debug][error]:[Class 'App\HttpController\Db' not found at file:/home/wwwroot/dujitang/App/HttpController/Test.php line:20]
[2021-01-02 21:11:37][debug][error]:[Class 'App\HttpController\Db' not found at file:/home/wwwroot/dujitang/App/HttpController/Test.php line:20]
[2021-01-02 21:11:38][debug][error]:[Class 'App\HttpController\Db' not found at file:/home/wwwroot/dujitang/App/HttpController/Test.php line:20]
[2021-01-02 21:11:39][debug][error]:[Class 'App\HttpController\Db' not found at file:/home/wwwroot/dujitang/App/HttpController/Test.php line:20]
[2021-01-02 21:12:26][debug][error]:[Class 'App\HttpController\Db' not found at file:/home/wwwroot/dujitang/App/HttpController/Test.php line:20]
[2021-01-08 06:07:30][debug][error]:[Class 'App\HttpController\Db' not found at file:/home/wwwroot/dujitang/App/HttpController/Test.php line:20]
[2021-01-08 06:07:30][debug][error]:[Class 'App\HttpController\Db' not found at file:/home/wwwroot/dujitang/App/HttpController/Test.php line:20]
[2021-01-08 06:07:31][debug][error]:[Class 'App\HttpController\Db' not found at file:/home/wwwroot/dujitang/App/HttpController/Test.php line:20]
[2021-01-08 06:07:48][debug][error]:[Class 'App\HttpController\Db' not found at file:/home/wwwroot/dujitang/App/HttpController/Test.php line:20]
[2021-01-09 21:28:19][debug][error]:[Class 'App\HttpController\Db' not found at file:/home/wwwroot/dujitang/App/HttpController/Test.php line:20]
[2021-01-09 21:28:20][debug][error]:[Class 'App\HttpController\Db' not found at file:/home/wwwroot/dujitang/App/HttpController/Test.php line:20]
[2021-01-09 21:28:21][debug][error]:[Class 'App\HttpController\Db' not found at file:/home/wwwroot/dujitang/App/HttpController/Test.php line:20]
[2021-01-09 21:28:49][debug][error]:[Class 'App\HttpController\Db' not found at file:/home/wwwroot/dujitang/App/HttpController/Test.php line:20]
[2021-01-11 12:12:46][debug][error]:[Class 'App\HttpController\Db' not found at file:/home/wwwroot/dujitang/App/HttpController/Test.php line:20]
[2021-01-11 12:12:47][debug][error]:[Class 'App\HttpController\Db' not found at file:/home/wwwroot/dujitang/App/HttpController/Test.php line:20]
[2021-01-11 12:12:49][debug][error]:[Class 'App\HttpController\Db' not found at file:/home/wwwroot/dujitang/App/HttpController/Test.php line:20]
[2021-01-11 12:12:59][debug][error]:[Class 'App\HttpController\Db' not found at file:/home/wwwroot/dujitang/App/HttpController/Test.php line:20]
[2021-01-13 04:13:05][debug][error]:[Class 'App\HttpController\Db' not found at file:/home/wwwroot/dujitang/App/HttpController/Test.php line:20]
[2021-01-13 04:13:06][debug][error]:[Class 'App\HttpController\Db' not found at file:/home/wwwroot/dujitang/App/HttpController/Test.php line:20]
[2021-01-13 04:13:06][debug][error]:[Class 'App\HttpController\Db' not found at file:/home/wwwroot/dujitang/App/HttpController/Test.php line:20]
[2021-01-13 04:13:21][debug][error]:[Class 'App\HttpController\Db' not found at file:/home/wwwroot/dujitang/App/HttpController/Test.php line:20]
[2021-01-14 19:57:45][debug][error]:[Class 'App\HttpController\Db' not found at file:/home/wwwroot/dujitang/App/HttpController/Test.php line:20]
[2021-01-14 19:57:46][debug][error]:[Class 'App\HttpController\Db' not found at file:/home/wwwroot/dujitang/App/HttpController/Test.php line:20]
[2021-01-14 19:57:48][debug][error]:[Class 'App\HttpController\Db' not found at file:/home/wwwroot/dujitang/App/HttpController/Test.php line:20]
[2021-01-14 19:57:58][debug][error]:[Class 'App\HttpController\Db' not found at file:/home/wwwroot/dujitang/App/HttpController/Test.php line:20]
[2021-01-16 10:08:13][debug][error]:[Class 'App\HttpController\Db' not found at file:/home/wwwroot/dujitang/App/HttpController/Test.php line:20]
[2021-01-16 10:08:13][debug][error]:[Class 'App\HttpController\Db' not found at file:/home/wwwroot/dujitang/App/HttpController/Test.php line:20]
[2021-01-16 10:08:19][debug][error]:[Class 'App\HttpController\Db' not found at file:/home/wwwroot/dujitang/App/HttpController/Test.php line:20]
